<?xml version="1.0" encoding="UTF-8"?>
<testsuite xmlns:xsi="http://www.w3.org/2001/XMLSchema-instance" xsi:noNamespaceSchemaLocation="https://maven.apache.org/surefire/maven-surefire-plugin/xsd/surefire-test-report.xsd" name="com.intuit.spring.pulsar.client.consumer.PulsarConsumerBuilderTest" time="0.475" tests="18" errors="0" skipped="0" failures="0">
  <properties>
[...]
</properties>
  <testcase name="validate withTopic with all optional properties set" classname="com.intuit.spring.pulsar.client.consumer.PulsarConsumerBuilderTest" time="0.053"/>
  <testcase name="validate withDeadLetter with no optional properties set" classname="com.intuit.spring.pulsar.client.consumer.PulsarConsumerBuilderTest" time="0.073"/>
  <testcase name="validate withQueue with no optional properties set" classname="com.intuit.spring.pulsar.client.consumer.PulsarConsumerBuilderTest" time="0.068"/>
  <testcase name="validate withListener sets a pulsar message listener" classname="com.intuit.spring.pulsar.client.consumer.PulsarConsumerBuilderTest" time="0.002"/>
  <testcase name="validate withTopic with no optional properties set" classname="com.intuit.spring.pulsar.client.consumer.PulsarConsumerBuilderTest" time="0.002"/>
  <testcase name="validate withDeadLetter with only max redelivery count" classname="com.intuit.spring.pulsar.client.consumer.PulsarConsumerBuilderTest" time="0.006"/>
  <testcase name="validate withDeadLetter with all optional properties set" classname="com.intuit.spring.pulsar.client.consumer.PulsarConsumerBuilderTest" time="0.002"/>
  <testcase name="validate withAck with all optional properties set" classname="com.intuit.spring.pulsar.client.consumer.PulsarConsumerBuilderTest" time="0.067"/>
  <testcase name="validate withListener sets a message listener" classname="com.intuit.spring.pulsar.client.consumer.PulsarConsumerBuilderTest" time="0.002"/>
  <testcase name="validate withConsumer all optional properties set" classname="com.intuit.spring.pulsar.client.consumer.PulsarConsumerBuilderTest" time="0.167"/>
  <testcase name="validate withDeadLetter with only retry letter topic" classname="com.intuit.spring.pulsar.client.consumer.PulsarConsumerBuilderTest" time="0.003"/>
  <testcase name="validate withDeadLetter with only dead letter topic" classname="com.intuit.spring.pulsar.client.consumer.PulsarConsumerBuilderTest" time="0.002"/>
  <testcase name="validate withQueue with all optional properties set" classname="com.intuit.spring.pulsar.client.consumer.PulsarConsumerBuilderTest" time="0.003"/>
  <testcase name="validate withSubscription with all optional properties set" classname="com.intuit.spring.pulsar.client.consumer.PulsarConsumerBuilderTest" time="0.003"/>
  <testcase name="validate withConsumer with no optional properties set" classname="com.intuit.spring.pulsar.client.consumer.PulsarConsumerBuilderTest" time="0.007"/>
  <testcase name="validate build returns pulsar consumer builder" classname="com.intuit.spring.pulsar.client.consumer.PulsarConsumerBuilderTest" time="0.002"/>
  <testcase name="validate withAck with no optional properties set" classname="com.intuit.spring.pulsar.client.consumer.PulsarConsumerBuilderTest" time="0.002"/>
  <testcase name="validate withSubscription with no optional properties set" classname="com.intuit.spring.pulsar.client.consumer.PulsarConsumerBuilderTest" time="0.003"/>
</testsuite>