<?xml version="1.0" encoding="UTF-8" standalone="yes"?><!DOCTYPE report PUBLIC "-//JACOCO//DTD Report 1.1//EN" "report.dtd"><report name="Spring Pulsar Core"><sessioninfo id="macos-C02C71PHMD6N-7ba83540" start="1670235005246" dump="1670235014106"/><package name="com/intuit/spring/pulsar/client/client"><class name="com/intuit/spring/pulsar/client/client/IPulsarClientFactory" sourcefilename="IPulsarClientFactory.kt"/><class name="com/intuit/spring/pulsar/client/client/PulsarClientFactory" sourcefilename="PulsarClientFactory.kt"><method name="&lt;init&gt;" desc="(Lcom/intuit/spring/pulsar/client/config/PulsarClientConfig;)V" line="20"><counter type="INSTRUCTION" missed="0" covered="19"/><counter type="LINE" missed="0" covered="4"/><counter type="COMPLEXITY" missed="0" covered="1"/><counter type="METHOD" missed="0" covered="1"/></method><method name="close" desc="()V" line="40"><counter type="INSTRUCTION" missed="0" covered="7"/><counter type="LINE" missed="0" covered="4"/><counter type="COMPLEXITY" missed="0" covered="1"/><counter type="METHOD" missed="0" covered="1"/></method><method name="getClient" desc="()Lorg/apache/pulsar/client/api/PulsarClient;" line="51"><counter type="INSTRUCTION" missed="0" covered="3"/><counter type="LINE" missed="0" covered="1"/><counter type="COMPLEXITY" missed="0" covered="1"/><counter type="METHOD" missed="0" covered="1"/></method><method name="withClientConfig" desc="(Lcom/intuit/spring/pulsar/client/config/PulsarClientConfig;)V" line="58"><counter type="INSTRUCTION" missed="0" covered="47"/><counter type="LINE" missed="0" covered="11"/><counter type="COMPLEXITY" missed="0" covered="1"/><counter type="METHOD" missed="0" covered="1"/></method><method name="withNetwork" desc="(Lcom/intuit/spring/pulsar/client/config/PulsarClientConfig$PulsarNetworkConfig;)V" line="76"><counter type="INSTRUCTION" missed="0" covered="119"/><counter type="LINE" missed="0" covered="22"/><counter type="COMPLEXITY" missed="0" covered="1"/><counter type="METHOD" missed="0" covered="1"/></method><method name="withRequest" desc="(Lcom/intuit/spring/pulsar/client/config/PulsarClientConfig$PulsarRequestConfig;)V" line="113"><counter type="INSTRUCTION" missed="0" covered="48"/><counter type="LINE" missed="0" covered="9"/><counter type="COMPLEXITY" missed="0" covered="1"/><counter type="METHOD" missed="0" covered="1"/></method><method name="withThreadPool" desc="(Lcom/intuit/spring/pulsar/client/config/PulsarClientConfig$PulsarThreadPoolConfig;)V" line="129"><counter type="INSTRUCTION" missed="0" covered="31"/><counter type="LINE" missed="0" covered="4"/><counter type="COMPLEXITY" missed="0" covered="1"/><counter type="METHOD" missed="0" covered="1"/></method><method name="withTls" desc="(Lcom/intuit/spring/pulsar/client/config/PulsarClientConfig$PulsarTlsConfig;)V" line="138"><counter type="INSTRUCTION" missed="0" covered="61"/><counter type="LINE" missed="0" covered="8"/><counter type="COMPLEXITY" missed="0" covered="1"/><counter type="METHOD" missed="0" covered="1"/></method><method name="withAuth" desc="(Lcom/intuit/spring/pulsar/client/config/PulsarClientConfig$PulsarAuthConfig;)V" line="151"><counter type="INSTRUCTION" missed="0" covered="44"/><counter type="LINE" missed="0" covered="8"/><counter type="COMPLEXITY" missed="0" covered="1"/><counter type="METHOD" missed="0" covered="1"/></method><method name="buildClient" desc="(Lcom/intuit/spring/pulsar/client/config/PulsarClientConfig;)Lorg/apache/pulsar/client/api/PulsarClient;" line="168"><counter type="INSTRUCTION" missed="0" covered="12"/><counter type="LINE" missed="0" covered="2"/><counter type="COMPLEXITY" missed="0" covered="1"/><counter type="METHOD" missed="0" covered="1"/></method><counter type="INSTRUCTION" missed="0" covered="391"/><counter type="LINE" missed="0" covered="73"/><counter type="COMPLEXITY" missed="0" covered="10"/><counter type="METHOD" missed="0" covered="10"/><counter type="CLASS" missed="0" covered="1"/></class><sourcefile name="IPulsarClientFactory.kt"/><sourcefile name="PulsarClientFactory.kt"><line nr="20" mi="0" ci="2" mb="0" cb="0"/><line nr="21" mi="0" ci="1" mb="0" cb="0"/><line nr="29" mi="0" ci="8" mb="0" cb="0"/><line nr="30" mi="0" ci="5" mb="0" cb="0"/><line nr="40" mi="0" ci="1" mb="0" cb="0"/><line nr="41" mi="0" ci="4" mb="0" cb="0"/><line nr="42" mi="0" ci="1" mb="0" cb="0"/><line nr="45" mi="0" ci="1" mb="0" cb="0"/><line nr="51" mi="0" ci="3" mb="0" cb="0"/><line nr="58" mi="0" ci="6" mb="0" cb="0"/><line nr="59" mi="0" ci="12" mb="0" cb="0"/><line nr="60" mi="0" ci="3" mb="0" cb="0"/><line nr="61" mi="0" ci="4" mb="0" cb="0"/><line nr="62" mi="0" ci="1" mb="0" cb="0"/><line nr="65" mi="0" ci="4" mb="0" cb="0"/><line nr="66" mi="0" ci="4" mb="0" cb="0"/><line nr="67" mi="0" ci="4" mb="0" cb="0"/><line nr="68" mi="0" ci="4" mb="0" cb="0"/><line nr="69" mi="0" ci="4" mb="0" cb="0"/><line nr="70" mi="0" ci="1" mb="0" cb="0"/><line nr="76" mi="0" ci="12" mb="0" cb="0"/><line nr="77" mi="0" ci="3" mb="0" cb="0"/><line nr="78" mi="0" ci="5" mb="0" cb="0"/><line nr="79" mi="0" ci="1" mb="0" cb="0"/><line nr="82" mi="0" ci="12" mb="0" cb="0"/><line nr="83" mi="0" ci="3" mb="0" cb="0"/><line nr="84" mi="0" ci="5" mb="0" cb="0"/><line nr="85" mi="0" ci="1" mb="0" cb="0"/><line nr="88" mi="0" ci="12" mb="0" cb="0"/><line nr="89" mi="0" ci="3" mb="0" cb="0"/><line nr="90" mi="0" ci="5" mb="0" cb="0"/><line nr="91" mi="0" ci="1" mb="0" cb="0"/><line nr="94" mi="0" ci="15" mb="0" cb="0"/><line nr="95" mi="0" ci="12" mb="0" cb="0"/><line nr="96" mi="0" ci="3" mb="0" cb="0"/><line nr="97" mi="0" ci="4" mb="0" cb="0"/><line nr="98" mi="0" ci="1" mb="0" cb="0"/><line nr="101" mi="0" ci="12" mb="0" cb="0"/><line nr="102" mi="0" ci="3" mb="0" cb="0"/><line nr="103" mi="0" ci="4" mb="0" cb="0"/><line nr="104" mi="0" ci="1" mb="0" cb="0"/><line nr="107" mi="0" ci="1" mb="0" cb="0"/><line nr="113" mi="0" ci="3" mb="0" cb="0"/><line nr="114" mi="0" ci="12" mb="0" cb="0"/><line nr="115" mi="0" ci="3" mb="0" cb="0"/><line nr="116" mi="0" ci="12" mb="0" cb="0"/><line nr="117" mi="0" ci="3" mb="0" cb="0"/><line nr="118" mi="0" ci="9" mb="0" cb="0"/><line nr="119" mi="0" ci="3" mb="0" cb="0"/><line nr="120" mi="0" ci="2" mb="0" cb="0"/><line nr="123" mi="0" ci="1" mb="0" cb="0"/><line nr="129" mi="0" ci="15" mb="0" cb="0"/><line nr="130" mi="0" ci="3" mb="0" cb="0"/><line nr="131" mi="0" ci="12" mb="0" cb="0"/><line nr="132" mi="0" ci="1" mb="0" cb="0"/><line nr="138" mi="0" ci="15" mb="0" cb="0"/><line nr="139" mi="0" ci="3" mb="0" cb="0"/><line nr="140" mi="0" ci="12" mb="0" cb="0"/><line nr="141" mi="0" ci="3" mb="0" cb="0"/><line nr="142" mi="0" ci="12" mb="0" cb="0"/><line nr="143" mi="0" ci="3" mb="0" cb="0"/><line nr="144" mi="0" ci="12" mb="0" cb="0"/><line nr="145" mi="0" ci="1" mb="0" cb="0"/><line nr="151" mi="0" ci="7" mb="0" cb="0"/><line nr="152" mi="0" ci="14" mb="0" cb="0"/><line nr="153" mi="0" ci="14" mb="0" cb="0"/><line nr="155" mi="0" ci="5" mb="0" cb="0"/><line nr="156" mi="0" ci="1" mb="0" cb="0"/><line nr="157" mi="0" ci="1" mb="0" cb="0"/><line nr="158" mi="0" ci="1" mb="0" cb="0"/><line nr="161" mi="0" ci="1" mb="0" cb="0"/><line nr="168" mi="0" ci="3" mb="0" cb="0"/><line nr="169" mi="0" ci="9" mb="0" cb="0"/><counter type="INSTRUCTION" missed="0" covered="391"/><counter type="LINE" missed="0" covered="73"/><counter type="COMPLEXITY" missed="0" covered="10"/><counter type="METHOD" missed="0" covered="10"/><counter type="CLASS" missed="0" covered="1"/></sourcefile><counter type="INSTRUCTION" missed="0" covered="391"/><counter type="LINE" missed="0" covered="73"/><counter type="COMPLEXITY" missed="0" covered="10"/><counter type="METHOD" missed="0" covered="10"/><counter type="CLASS" missed="0" covered="1"/></package><package name="com/intuit/spring/pulsar/client/annotations/extractor"><class name="com/intuit/spring/pulsar/client/annotations/extractor/IPulsarAnnotationExtractor" sourcefilename="IPulsarAnnotationExtractor.kt"/><class name="com/intuit/spring/pulsar/client/annotations/extractor/AnnotationDetail" sourcefilename="IPulsarAnnotationExtractor.kt"><method name="&lt;init&gt;" desc="(Lorg/apache/pulsar/client/api/MessageListener;Ljava/lang/String;Lcom/intuit/spring/pulsar/client/config/PulsarConsumerConfig;)V" line="38"><counter type="INSTRUCTION" missed="0" covered="21"/><counter type="LINE" missed="0" covered="4"/><counter type="COMPLEXITY" missed="0" covered="1"/><counter type="METHOD" missed="0" covered="1"/></method><method name="getBean" desc="()Lorg/apache/pulsar/client/api/MessageListener;" line="39"><counter type="INSTRUCTION" missed="0" covered="3"/><counter type="LINE" missed="0" covered="1"/><counter type="COMPLEXITY" missed="0" covered="1"/><counter type="METHOD" missed="0" covered="1"/></method><method name="getBeanName" desc="()Ljava/lang/String;" line="40"><counter type="INSTRUCTION" missed="0" covered="3"/><counter type="LINE" missed="0" covered="1"/><counter type="COMPLEXITY" missed="0" covered="1"/><counter type="METHOD" missed="0" covered="1"/></method><method name="getPulsarConsumer" desc="()Lcom/intuit/spring/pulsar/client/config/PulsarConsumerConfig;" line="41"><counter type="INSTRUCTION" missed="0" covered="3"/><counter type="LINE" missed="0" covered="1"/><counter type="COMPLEXITY" missed="0" covered="1"/><counter type="METHOD" missed="0" covered="1"/></method><counter type="INSTRUCTION" missed="0" covered="30"/><counter type="LINE" missed="0" covered="4"/><counter type="COMPLEXITY" missed="0" covered="4"/><counter type="METHOD" missed="0" covered="4"/><counter type="CLASS" missed="0" covered="1"/></class><class name="com/intuit/spring/pulsar/client/annotations/extractor/PulsarConsumerAnnotationExtractor" sourcefilename="PulsarConsumerAnnotationExtractor.kt"><method name="&lt;init&gt;" desc="(Lcom/intuit/spring/pulsar/client/annotations/resolver/IAnnotationPropertyResolver;)V" line="22"><counter type="INSTRUCTION" missed="0" covered="9"/><counter type="LINE" missed="0" covered="2"/><counter type="COMPLEXITY" missed="0" covered="1"/><counter type="METHOD" missed="0" covered="1"/></method><method name="getResolver" desc="()Lcom/intuit/spring/pulsar/client/annotations/resolver/IAnnotationPropertyResolver;" line="23"><counter type="INSTRUCTION" missed="0" covered="3"/><counter type="LINE" missed="0" covered="1"/><counter type="COMPLEXITY" missed="0" covered="1"/><counter type="METHOD" missed="0" covered="1"/></method><method name="extract" desc="(Ljava/util/Map;)Ljava/util/List;" line="27"><counter type="INSTRUCTION" missed="0" covered="54"/><counter type="LINE" missed="0" covered="8"/><counter type="COMPLEXITY" missed="0" covered="1"/><counter type="METHOD" missed="0" covered="1"/></method><method name="extractConsumerAnnotation" desc="(Ljava/lang/String;Ljava/lang/Object;)Lcom/intuit/spring/pulsar/client/annotations/extractor/AnnotationDetail;" line="38"><counter type="INSTRUCTION" missed="0" covered="46"/><counter type="BRANCH" missed="0" covered="4"/><counter type="LINE" missed="0" covered="6"/><counter type="COMPLEXITY" missed="0" covered="3"/><counter type="METHOD" missed="0" covered="1"/></method><counter type="INSTRUCTION" missed="0" covered="112"/><counter type="BRANCH" missed="0" covered="4"/><counter type="LINE" missed="0" covered="16"/><counter type="COMPLEXITY" missed="0" covered="6"/><counter type="METHOD" missed="0" covered="4"/><counter type="CLASS" missed="0" covered="1"/></class><sourcefile name="IPulsarAnnotationExtractor.kt"><line nr="38" mi="0" ci="3" mb="0" cb="0"/><line nr="39" mi="0" ci="6" mb="0" cb="0"/><line nr="40" mi="0" ci="6" mb="0" cb="0"/><line nr="41" mi="0" ci="6" mb="0" cb="0"/><counter type="INSTRUCTION" missed="0" covered="30"/><counter type="LINE" missed="0" covered="4"/><counter type="COMPLEXITY" missed="0" covered="4"/><counter type="METHOD" missed="0" covered="4"/><counter type="CLASS" missed="0" covered="1"/></sourcefile><sourcefile name="PulsarConsumerAnnotationExtractor.kt"><line nr="22" mi="0" ci="2" mb="0" cb="0"/><line nr="23" mi="0" ci="7" mb="0" cb="0"/><line nr="27" mi="0" ci="7" mb="0" cb="0"/><line nr="28" mi="0" ci="19" mb="0" cb="0"/><line nr="29" mi="0" ci="5" mb="0" cb="0"/><line nr="30" mi="0" ci="11" mb="0" cb="0"/><line nr="31" mi="0" ci="4" mb="0" cb="0"/><line nr="32" mi="0" ci="1" mb="0" cb="0"/><line nr="33" mi="0" ci="2" mb="0" cb="0"/><line nr="34" mi="0" ci="2" mb="0" cb="0"/><line nr="38" mi="0" ci="6" mb="0" cb="0"/><line nr="39" mi="0" ci="16" mb="0" cb="2"/><line nr="40" mi="0" ci="3" mb="0" cb="2"/><line nr="41" mi="0" ci="11" mb="0" cb="0"/><line nr="43" mi="0" ci="5" mb="0" cb="0"/><line nr="46" mi="0" ci="5" mb="0" cb="0"/><counter type="INSTRUCTION" missed="0" covered="112"/><counter type="BRANCH" missed="0" covered="4"/><counter type="LINE" missed="0" covered="16"/><counter type="COMPLEXITY" missed="0" covered="6"/><counter type="METHOD" missed="0" covered="4"/><counter type="CLASS" missed="0" covered="1"/></sourcefile><counter type="INSTRUCTION" missed="0" covered="142"/><counter type="BRANCH" missed="0" covered="4"/><counter type="LINE" missed="0" covered="20"/><counter type="COMPLEXITY" missed="0" covered="10"/><counter type="METHOD" missed="0" covered="8"/><counter type="CLASS" missed="0" covered="2"/></package><package name="com/intuit/spring/pulsar/client/exceptions"><class name="com/intuit/spring/pulsar/client/exceptions/PulsarSpringException" sourcefilename="PulsarExceptions.kt"><method name="&lt;init&gt;" desc="(Ljava/lang/String;Ljava/lang/Throwable;)V" line="7"><counter type="INSTRUCTION" missed="0" covered="8"/><counter type="LINE" missed="0" covered="2"/><counter type="COMPLEXITY" missed="0" covered="1"/><counter type="METHOD" missed="0" covered="1"/></method><counter type="INSTRUCTION" missed="0" covered="8"/><counter type="LINE" missed="0" covered="2"/><counter type="COMPLEXITY" missed="0" covered="1"/><counter type="METHOD" missed="0" covered="1"/><counter type="CLASS" missed="0" covered="1"/></class><class name="com/intuit/spring/pulsar/client/exceptions/PulsarExceptionHandlerClass" sourcefilename="PulsarExceptionHandlerAnnotations.kt"/><class name="com/intuit/spring/pulsar/client/exceptions/PulsarExceptionHandler" sourcefilename="PulsarExceptionHandler.kt"/><class name="com/intuit/spring/pulsar/client/exceptions/PulsarListenerTypeNotSupportedSpringException" sourcefilename="PulsarExceptions.kt"><method name="&lt;init&gt;" desc="(Ljava/lang/String;)V" line="51"><counter type="INSTRUCTION" missed="0" covered="10"/><counter type="LINE" missed="0" covered="4"/><counter type="COMPLEXITY" missed="0" covered="1"/><counter type="METHOD" missed="0" covered="1"/></method><counter type="INSTRUCTION" missed="0" covered="10"/><counter type="LINE" missed="0" covered="4"/><counter type="COMPLEXITY" missed="0" covered="1"/><counter type="METHOD" missed="0" covered="1"/><counter type="CLASS" missed="0" covered="1"/></class><class name="com/intuit/spring/pulsar/client/exceptions/PulsarProducerExceptionHandlerFunction" sourcefilename="PulsarExceptionHandlerAnnotations.kt"/><class name="com/intuit/spring/pulsar/client/exceptions/IncompatiblePulsarExceptionHandlerException" sourcefilename="IncompatiblePulsarExceptionHandlerException.kt"><method name="&lt;init&gt;" desc="(Ljava/lang/String;)V" line="7"><counter type="INSTRUCTION" missed="0" covered="7"/><counter type="LINE" missed="0" covered="1"/><counter type="COMPLEXITY" missed="0" covered="1"/><counter type="METHOD" missed="0" covered="1"/></method><method name="getMessage" desc="()Ljava/lang/String;" line="7"><counter type="INSTRUCTION" missed="3" covered="0"/><counter type="LINE" missed="1" covered="0"/><counter type="COMPLEXITY" missed="1" covered="0"/><counter type="METHOD" missed="1" covered="0"/></method><counter type="INSTRUCTION" missed="3" covered="7"/><counter type="LINE" missed="0" covered="1"/><counter type="COMPLEXITY" missed="1" covered="1"/><counter type="METHOD" missed="1" covered="1"/><counter type="CLASS" missed="0" covered="1"/></class><class name="com/intuit/spring/pulsar/client/exceptions/PulsarConsumerAnnotationNotFoundSpringException" sourcefilename="PulsarExceptions.kt"><method name="&lt;init&gt;" desc="(Ljava/lang/String;)V" line="35"><counter type="INSTRUCTION" missed="0" covered="10"/><counter type="LINE" missed="0" covered="2"/><counter type="COMPLEXITY" missed="0" covered="1"/><counter type="METHOD" missed="0" covered="1"/></method><counter type="INSTRUCTION" missed="0" covered="10"/><counter type="LINE" missed="0" covered="2"/><counter type="COMPLEXITY" missed="0" covered="1"/><counter type="METHOD" missed="0" covered="1"/><counter type="CLASS" missed="0" covered="1"/></class><class name="com/intuit/spring/pulsar/client/exceptions/PulsarExceptionAnnotationProcessor" sourcefilename="PulsarExceptionAnnotationProcessor.kt"><method name="&lt;init&gt;" desc="(Lorg/springframework/context/ApplicationContext;)V" line="17"><counter type="INSTRUCTION" missed="0" covered="28"/><counter type="LINE" missed="0" covered="5"/><counter type="COMPLEXITY" missed="0" covered="1"/><counter type="METHOD" missed="0" covered="1"/></method><method name="loadExceptionHandlerMap" desc="()V" line="38"><counter type="INSTRUCTION" missed="0" covered="46"/><counter type="LINE" missed="0" covered="9"/><counter type="COMPLEXITY" missed="0" covered="1"/><counter type="METHOD" missed="0" covered="1"/></method><method name="updateHandlerMap" desc="(Ljava/lang/annotation/Annotation;Ljava/lang/Object;Lkotlin/reflect/KProperty1;)V" line="54"><counter type="INSTRUCTION" missed="0" covered="57"/><counter type="BRANCH" missed="2" covered="6"/><counter type="LINE" missed="0" covered="11"/><counter type="COMPLEXITY" missed="2" covered="3"/><counter type="METHOD" missed="0" covered="1"/></method><method name="checkForExistingHandlerAndUpdateMap" desc="(Ljava/util/Map;Lkotlin/reflect/KClass;Lcom/intuit/spring/pulsar/client/exceptions/PulsarExceptionHandler;)V" line="76"><counter type="INSTRUCTION" missed="0" covered="32"/><counter type="BRANCH" missed="0" covered="2"/><counter type="LINE" missed="0" covered="5"/><counter type="COMPLEXITY" missed="0" covered="2"/><counter type="METHOD" missed="0" covered="1"/></method><method name="isPulsarExceptionHandler" desc="(Lkotlin/reflect/KProperty1;)Z" line="90"><counter type="INSTRUCTION" missed="0" covered="23"/><counter type="BRANCH" missed="0" covered="2"/><counter type="LINE" missed="0" covered="4"/><counter type="COMPLEXITY" missed="0" covered="2"/><counter type="METHOD" missed="0" covered="1"/></method><method name="getHandlerFromProperty" desc="(Ljava/lang/Object;Lkotlin/reflect/KProperty1;)Lcom/intuit/spring/pulsar/client/exceptions/PulsarExceptionHandler;" line="101"><counter type="INSTRUCTION" missed="0" covered="8"/><counter type="LINE" missed="0" covered="1"/><counter type="COMPLEXITY" missed="0" covered="1"/><counter type="METHOD" missed="0" covered="1"/></method><method name="onPulsarConsumerException" desc="(Lcom/intuit/spring/pulsar/client/aspect/PulsarExceptionHandlerAspect$ExceptionHandlerParams;)V" line="108"><counter type="INSTRUCTION" missed="0" covered="17"/><counter type="LINE" missed="0" covered="3"/><counter type="COMPLEXITY" missed="0" covered="1"/><counter type="METHOD" missed="0" covered="1"/></method><method name="onPulsarProducerException" desc="(Lcom/intuit/spring/pulsar/client/aspect/PulsarExceptionHandlerAspect$ExceptionHandlerParams;)V" line="116"><counter type="INSTRUCTION" missed="0" covered="17"/><counter type="LINE" missed="0" covered="3"/><counter type="COMPLEXITY" missed="0" covered="1"/><counter type="METHOD" missed="0" covered="1"/></method><method name="handleException" desc="(Lcom/intuit/spring/pulsar/client/exceptions/PulsarExceptionHandler;Lcom/intuit/spring/pulsar/client/aspect/PulsarExceptionHandlerAspect$ExceptionHandlerParams;)V" line="128"><counter type="INSTRUCTION" missed="0" covered="33"/><counter type="BRANCH" missed="0" covered="4"/><counter type="LINE" missed="0" covered="4"/><counter type="COMPLEXITY" missed="0" covered="3"/><counter type="METHOD" missed="0" covered="1"/></method><method name="&lt;clinit&gt;" desc="()V" line="25"><counter type="INSTRUCTION" missed="0" covered="11"/><counter type="LINE" missed="0" covered="1"/><counter type="COMPLEXITY" missed="0" covered="1"/><counter type="METHOD" missed="0" covered="1"/></method><counter type="INSTRUCTION" missed="0" covered="272"/><counter type="BRANCH" missed="2" covered="14"/><counter type="LINE" missed="0" covered="46"/><counter type="COMPLEXITY" missed="2" covered="16"/><counter type="METHOD" missed="0" covered="10"/><counter type="CLASS" missed="0" covered="1"/></class><class name="com/intuit/spring/pulsar/client/exceptions/PulsarProducerNotFoundSpringException" sourcefilename="PulsarExceptions.kt"><method name="&lt;init&gt;" desc="()V" line="28"><counter type="INSTRUCTION" missed="0" covered="5"/><counter type="LINE" missed="0" covered="2"/><counter type="COMPLEXITY" missed="0" covered="1"/><counter type="METHOD" missed="0" covered="1"/></method><counter type="INSTRUCTION" missed="0" covered="5"/><counter type="LINE" missed="0" covered="2"/><counter type="COMPLEXITY" missed="0" covered="1"/><counter type="METHOD" missed="0" covered="1"/><counter type="CLASS" missed="0" covered="1"/></class><class name="com/intuit/spring/pulsar/client/exceptions/PulsarExceptionAnnotationProcessor$Companion" sourcefilename="PulsarExceptionAnnotationProcessor.kt"/><class name="com/intuit/spring/pulsar/client/exceptions/PulsarConsumerWithoutListenerSpringException" sourcefilename="PulsarExceptions.kt"><method name="&lt;init&gt;" desc="()V" line="42"><counter type="INSTRUCTION" missed="0" covered="5"/><counter type="LINE" missed="0" covered="4"/><counter type="COMPLEXITY" missed="0" covered="1"/><counter type="METHOD" missed="0" covered="1"/></method><counter type="INSTRUCTION" missed="0" covered="5"/><counter type="LINE" missed="0" covered="4"/><counter type="COMPLEXITY" missed="0" covered="1"/><counter type="METHOD" missed="0" covered="1"/><counter type="CLASS" missed="0" covered="1"/></class><class name="com/intuit/spring/pulsar/client/exceptions/PulsarMessageValueNotFoundSpringException" sourcefilename="PulsarExceptions.kt"><method name="&lt;init&gt;" desc="()V" line="21"><counter type="INSTRUCTION" missed="0" covered="5"/><counter type="LINE" missed="0" covered="2"/><counter type="COMPLEXITY" missed="0" covered="1"/><counter type="METHOD" missed="0" covered="1"/></method><counter type="INSTRUCTION" missed="0" covered="5"/><counter type="LINE" missed="0" covered="2"/><counter type="COMPLEXITY" missed="0" covered="1"/><counter type="METHOD" missed="0" covered="1"/><counter type="CLASS" missed="0" covered="1"/></class><class name="com/intuit/spring/pulsar/client/exceptions/PulsarClientNotFoundSpringException" sourcefilename="PulsarExceptions.kt"><method name="&lt;init&gt;" desc="()V" line="14"><counter type="INSTRUCTION" missed="0" covered="5"/><counter type="LINE" missed="0" covered="2"/><counter type="COMPLEXITY" missed="0" covered="1"/><counter type="METHOD" missed="0" covered="1"/></method><counter type="INSTRUCTION" missed="0" covered="5"/><counter type="LINE" missed="0" covered="2"/><counter type="COMPLEXITY" missed="0" covered="1"/><counter type="METHOD" missed="0" covered="1"/><counter type="CLASS" missed="0" covered="1"/></class><class name="com/intuit/spring/pulsar/client/exceptions/PulsarConsumerExceptionHandlerFunction" sourcefilename="PulsarExceptionHandlerAnnotations.kt"/><sourcefile name="IncompatiblePulsarExceptionHandlerException.kt"><line nr="7" mi="3" ci="7" mb="0" cb="0"/><counter type="INSTRUCTION" missed="3" covered="7"/><counter type="LINE" missed="0" covered="1"/><counter type="COMPLEXITY" missed="1" covered="1"/><counter type="METHOD" missed="1" covered="1"/><counter type="CLASS" missed="0" covered="1"/></sourcefile><sourcefile name="PulsarExceptionHandler.kt"/><sourcefile name="PulsarExceptions.kt"><line nr="7" mi="0" ci="1" mb="0" cb="0"/><line nr="8" mi="0" ci="4" mb="0" cb="0"/><line nr="14" mi="0" ci="1" mb="0" cb="0"/><line nr="15" mi="0" ci="4" mb="0" cb="0"/><line nr="21" mi="0" ci="1" mb="0" cb="0"/><line nr="22" mi="0" ci="4" mb="0" cb="0"/><line nr="28" mi="0" ci="1" mb="0" cb="0"/><line nr="29" mi="0" ci="4" mb="0" cb="0"/><line nr="35" mi="0" ci="1" mb="0" cb="0"/><line nr="36" mi="0" ci="6" mb="0" cb="0"/><line nr="42" mi="0" ci="1" mb="0" cb="0"/><line nr="43" mi="0" ci="2" mb="0" cb="0"/><line nr="44" mi="0" ci="1" mb="0" cb="0"/><line nr="45" mi="0" ci="1" mb="0" cb="0"/><line nr="51" mi="0" ci="1" mb="0" cb="0"/><line nr="52" mi="0" ci="2" mb="0" cb="0"/><line nr="53" mi="0" ci="3" mb="0" cb="0"/><line nr="54" mi="0" ci="1" mb="0" cb="0"/><counter type="INSTRUCTION" missed="0" covered="48"/><counter type="LINE" missed="0" covered="18"/><counter type="COMPLEXITY" missed="0" covered="7"/><counter type="METHOD" missed="0" covered="7"/><counter type="CLASS" missed="0" covered="7"/></sourcefile><sourcefile name="PulsarExceptionAnnotationProcessor.kt"><line nr="17" mi="0" ci="2" mb="0" cb="0"/><line nr="18" mi="0" ci="4" mb="0" cb="0"/><line nr="19" mi="0" ci="8" mb="0" cb="0"/><line nr="20" mi="0" ci="8" mb="0" cb="0"/><line nr="21" mi="0" ci="3" mb="0" cb="0"/><line nr="25" mi="0" ci="6" mb="0" cb="0"/><line nr="38" mi="0" ci="11" mb="0" cb="0"/><line nr="39" mi="0" ci="6" mb="0" cb="0"/><line nr="40" mi="0" ci="8" mb="0" cb="0"/><line nr="41" mi="0" ci="6" mb="0" cb="0"/><line nr="42" mi="0" ci="8" mb="0" cb="0"/><line nr="43" mi="0" ci="2" mb="0" cb="0"/><line nr="44" mi="0" ci="2" mb="0" cb="0"/><line nr="45" mi="0" ci="2" mb="0" cb="0"/><line nr="46" mi="0" ci="1" mb="0" cb="0"/><line nr="54" mi="0" ci="7" mb="1" cb="3"/><line nr="55" mi="0" ci="7" mb="0" cb="0"/><line nr="56" mi="0" ci="5" mb="0" cb="0"/><line nr="57" mi="0" ci="6" mb="0" cb="0"/><line nr="58" mi="0" ci="3" mb="0" cb="0"/><line nr="59" mi="0" ci="7" mb="1" cb="3"/><line nr="60" mi="0" ci="7" mb="0" cb="0"/><line nr="61" mi="0" ci="5" mb="0" cb="0"/><line nr="62" mi="0" ci="6" mb="0" cb="0"/><line nr="63" mi="0" ci="3" mb="0" cb="0"/><line nr="65" mi="0" ci="1" mb="0" cb="0"/><line nr="76" mi="0" ci="4" mb="0" cb="2"/><line nr="77" mi="0" ci="12" mb="0" cb="0"/><line nr="78" mi="0" ci="6" mb="0" cb="0"/><line nr="80" mi="0" ci="9" mb="0" cb="0"/><line nr="81" mi="0" ci="1" mb="0" cb="0"/><line nr="90" mi="0" ci="13" mb="0" cb="2"/><line nr="91" mi="0" ci="2" mb="0" cb="0"/><line nr="93" mi="0" ci="4" mb="0" cb="0"/><line nr="94" mi="0" ci="4" mb="0" cb="0"/><line nr="101" mi="0" ci="8" mb="0" cb="0"/><line nr="108" mi="0" ci="9" mb="0" cb="0"/><line nr="109" mi="0" ci="4" mb="0" cb="0"/><line nr="110" mi="0" ci="1" mb="0" cb="0"/><line nr="116" mi="0" ci="9" mb="0" cb="0"/><line nr="117" mi="0" ci="4" mb="0" cb="0"/><line nr="118" mi="0" ci="1" mb="0" cb="0"/><line nr="128" mi="0" ci="21" mb="0" cb="4"/><line nr="129" mi="0" ci="3" mb="0" cb="0"/><line nr="130" mi="0" ci="8" mb="0" cb="0"/><line nr="131" mi="0" ci="1" mb="0" cb="0"/><counter type="INSTRUCTION" missed="0" covered="272"/><counter type="BRANCH" missed="2" covered="14"/><counter type="LINE" missed="0" covered="46"/><counter type="COMPLEXITY" missed="2" covered="16"/><counter type="METHOD" missed="0" covered="10"/><counter type="CLASS" missed="0" covered="1"/></sourcefile><sourcefile name="PulsarExceptionHandlerAnnotations.kt"/><counter type="INSTRUCTION" missed="3" covered="327"/><counter type="BRANCH" missed="2" covered="14"/><counter type="LINE" missed="0" covered="65"/><counter type="COMPLEXITY" missed="3" covered="24"/><counter type="METHOD" missed="1" covered="18"/><counter type="CLASS" missed="0" covered="9"/></package><package name="com/intuit/spring/pulsar/client/annotations/resolver"><class name="com/intuit/spring/pulsar/client/annotations/resolver/IAnnotationPropertyResolver" sourcefilename="AnnotationPropertyResolver.kt"/><class name="com/intuit/spring/pulsar/client/annotations/resolver/AnnotationPropertyResolver" sourcefilename="AnnotationPropertyResolver.kt"><method name="&lt;init&gt;" desc="(Lorg/springframework/core/env/Environment;)V" line="28"><counter type="INSTRUCTION" missed="0" covered="15"/><counter type="LINE" missed="0" covered="4"/><counter type="COMPLEXITY" missed="0" covered="1"/><counter type="METHOD" missed="0" covered="1"/></method><method name="resolve" desc="(Ljava/lang/String;)Ljava/lang/String;" line="35"><counter type="INSTRUCTION" missed="0" covered="48"/><counter type="BRANCH" missed="0" covered="4"/><counter type="LINE" missed="0" covered="6"/><counter type="COMPLEXITY" missed="0" covered="3"/><counter type="METHOD" missed="0" covered="1"/></method><counter type="INSTRUCTION" missed="0" covered="63"/><counter type="BRANCH" missed="0" covered="4"/><counter type="LINE" missed="0" covered="10"/><counter type="COMPLEXITY" missed="0" covered="4"/><counter type="METHOD" missed="0" covered="2"/><counter type="CLASS" missed="0" covered="1"/></class><sourcefile name="AnnotationPropertyResolver.kt"><line nr="28" mi="0" ci="2" mb="0" cb="0"/><line nr="29" mi="0" ci="4" mb="0" cb="0"/><line nr="31" mi="0" ci="3" mb="0" cb="0"/><line nr="32" mi="0" ci="3" mb="0" cb="0"/><line nr="35" mi="0" ci="16" mb="0" cb="2"/><line nr="36" mi="0" ci="21" mb="0" cb="0"/><line nr="37" mi="0" ci="2" mb="0" cb="2"/><line nr="38" mi="0" ci="2" mb="0" cb="0"/><line nr="40" mi="0" ci="2" mb="0" cb="0"/><line nr="42" mi="0" ci="2" mb="0" cb="0"/><counter type="INSTRUCTION" missed="0" covered="63"/><counter type="BRANCH" missed="0" covered="4"/><counter type="LINE" missed="0" covered="10"/><counter type="COMPLEXITY" missed="0" covered="4"/><counter type="METHOD" missed="0" covered="2"/><counter type="CLASS" missed="0" covered="1"/></sourcefile><counter type="INSTRUCTION" missed="0" covered="63"/><counter type="BRANCH" missed="0" covered="4"/><counter type="LINE" missed="0" covered="10"/><counter type="COMPLEXITY" missed="0" covered="4"/><counter type="METHOD" missed="0" covered="2"/><counter type="CLASS" missed="0" covered="1"/></package><package name="com/intuit/spring/pulsar/client/utils"><class name="com/intuit/spring/pulsar/client/utils/UtilsKt" sourcefilename="Utils.kt"><method name="convertToPropertiesMap" desc="(Ljava/util/List;)Ljava/util/Map;" line="7"><counter type="INSTRUCTION" missed="0" covered="30"/><counter type="BRANCH" missed="0" covered="2"/><counter type="LINE" missed="0" covered="4"/><counter type="COMPLEXITY" missed="0" covered="2"/><counter type="METHOD" missed="0" covered="1"/></method><method name="parseDuration" desc="(Ljava/lang/String;)Ljava/time/Duration;" line="30"><counter type="INSTRUCTION" missed="8" covered="51"/><counter type="BRANCH" missed="1" covered="2"/><counter type="LINE" missed="1" covered="5"/><counter type="COMPLEXITY" missed="1" covered="2"/><counter type="METHOD" missed="0" covered="1"/></method><method name="getDurationUnit" desc="(Ljava/lang/String;)Lcom/intuit/spring/pulsar/client/utils/DurationUnit;" line="46"><counter type="INSTRUCTION" missed="1" covered="25"/><counter type="BRANCH" missed="1" covered="3"/><counter type="LINE" missed="1" covered="3"/><counter type="COMPLEXITY" missed="1" covered="2"/><counter type="METHOD" missed="0" covered="1"/></method><counter type="INSTRUCTION" missed="9" covered="106"/><counter type="BRANCH" missed="2" covered="7"/><counter type="LINE" missed="2" covered="12"/><counter type="COMPLEXITY" missed="2" covered="6"/><counter type="METHOD" missed="0" covered="3"/><counter type="CLASS" missed="0" covered="1"/></class><class name="com/intuit/spring/pulsar/client/utils/DurationUnit" sourcefilename="Utils.kt"><method name="&lt;init&gt;" desc="(Ljava/lang/String;ILjava/lang/String;)V" line="19"><counter type="INSTRUCTION" missed="0" covered="8"/><counter type="LINE" missed="0" covered="1"/><counter type="COMPLEXITY" missed="0" covered="1"/><counter type="METHOD" missed="0" covered="1"/></method><method name="getSuffix" desc="()Ljava/lang/String;" line="19"><counter type="INSTRUCTION" missed="0" covered="3"/><counter type="LINE" missed="0" covered="1"/><counter type="COMPLEXITY" missed="0" covered="1"/><counter type="METHOD" missed="0" covered="1"/></method><method name="&lt;clinit&gt;" desc="()V" line="20"><counter type="INSTRUCTION" missed="0" covered="24"/><counter type="LINE" missed="0" covered="3"/><counter type="COMPLEXITY" missed="0" covered="1"/><counter type="METHOD" missed="0" covered="1"/></method><counter type="INSTRUCTION" missed="0" covered="35"/><counter type="LINE" missed="0" covered="4"/><counter type="COMPLEXITY" missed="0" covered="3"/><counter type="METHOD" missed="0" covered="3"/><counter type="CLASS" missed="0" covered="1"/></class><sourcefile name="Utils.kt"><line nr="7" mi="0" ci="7" mb="0" cb="0"/><line nr="8" mi="0" ci="10" mb="0" cb="2"/><line nr="9" mi="0" ci="8" mb="0" cb="0"/><line nr="11" mi="0" ci="2" mb="0" cb="0"/><line nr="19" mi="0" ci="11" mb="0" cb="0"/><line nr="20" mi="0" ci="7" mb="0" cb="0"/><line nr="21" mi="0" ci="7" mb="0" cb="0"/><line nr="22" mi="0" ci="10" mb="0" cb="0"/><line nr="30" mi="0" ci="3" mb="0" cb="0"/><line nr="31" mi="0" ci="19" mb="0" cb="0"/><line nr="33" mi="0" ci="10" mb="1" cb="2"/><line nr="34" mi="0" ci="8" mb="0" cb="0"/><line nr="35" mi="0" ci="8" mb="0" cb="0"/><line nr="36" mi="8" ci="0" mb="0" cb="0"/><line nr="46" mi="0" ci="2" mb="0" cb="0"/><line nr="47" mi="0" ci="10" mb="0" cb="2"/><line nr="48" mi="0" ci="10" mb="1" cb="1"/><line nr="49" mi="1" ci="0" mb="0" cb="0"/><counter type="INSTRUCTION" missed="9" covered="141"/><counter type="BRANCH" missed="2" covered="7"/><counter type="LINE" missed="2" covered="16"/><counter type="COMPLEXITY" missed="2" covered="9"/><counter type="METHOD" missed="0" covered="6"/><counter type="CLASS" missed="0" covered="2"/></sourcefile><counter type="INSTRUCTION" missed="9" covered="141"/><counter type="BRANCH" missed="2" covered="7"/><counter type="LINE" missed="2" covered="16"/><counter type="COMPLEXITY" missed="2" covered="9"/><counter type="METHOD" missed="0" covered="6"/><counter type="CLASS" missed="0" covered="2"/></package><package name="com/intuit/spring/pulsar/client/template"><class name="com/intuit/spring/pulsar/client/template/PulsarProducerTemplate" sourcefilename="PulsarProducerTemplate.kt"/><class name="com/intuit/spring/pulsar/client/template/ProducerRecord" sourcefilename="PulsarProducerTemplateImpl.kt"><method name="&lt;init&gt;" desc="(Ljava/lang/Object;Lorg/springframework/util/concurrent/ListenableFutureCallback;Ljava/lang/String;Ljava/util/Map;Ljava/lang/Long;)V" line="129"><counter type="INSTRUCTION" missed="0" covered="21"/><counter type="LINE" missed="0" covered="6"/><counter type="COMPLEXITY" missed="0" covered="1"/><counter type="METHOD" missed="0" covered="1"/></method><method name="&lt;init&gt;" desc="(Ljava/lang/Object;Lorg/springframework/util/concurrent/ListenableFutureCallback;Ljava/lang/String;Ljava/util/Map;Ljava/lang/Long;ILkotlin/jvm/internal/DefaultConstructorMarker;)V" line="129"><counter type="INSTRUCTION" missed="0" covered="30"/><counter type="LINE" missed="0" covered="6"/><counter type="COMPLEXITY" missed="0" covered="1"/><counter type="METHOD" missed="0" covered="1"/></method><method name="getMessage" desc="()Ljava/lang/Object;" line="130"><counter type="INSTRUCTION" missed="0" covered="3"/><counter type="LINE" missed="0" covered="1"/><counter type="COMPLEXITY" missed="0" covered="1"/><counter type="METHOD" missed="0" covered="1"/></method><method name="getResponseHandler" desc="()Lorg/springframework/util/concurrent/ListenableFutureCallback;" line="131"><counter type="INSTRUCTION" missed="0" covered="3"/><counter type="LINE" missed="0" covered="1"/><counter type="COMPLEXITY" missed="0" covered="1"/><counter type="METHOD" missed="0" covered="1"/></method><method name="getMessageKey" desc="()Ljava/lang/String;" line="132"><counter type="INSTRUCTION" missed="0" covered="3"/><counter type="LINE" missed="0" covered="1"/><counter type="COMPLEXITY" missed="0" covered="1"/><counter type="METHOD" missed="0" covered="1"/></method><method name="getProperties" desc="()Ljava/util/Map;" line="133"><counter type="INSTRUCTION" missed="0" covered="3"/><counter type="LINE" missed="0" covered="1"/><counter type="COMPLEXITY" missed="0" covered="1"/><counter type="METHOD" missed="0" covered="1"/></method><method name="getEventTime" desc="()Ljava/lang/Long;" line="134"><counter type="INSTRUCTION" missed="0" covered="3"/><counter type="LINE" missed="0" covered="1"/><counter type="COMPLEXITY" missed="0" covered="1"/><counter type="METHOD" missed="0" covered="1"/></method><counter type="INSTRUCTION" missed="0" covered="66"/><counter type="LINE" missed="0" covered="7"/><counter type="COMPLEXITY" missed="0" covered="7"/><counter type="METHOD" missed="0" covered="7"/><counter type="CLASS" missed="0" covered="1"/></class><class name="com/intuit/spring/pulsar/client/template/PulsarProducerTemplateImpl" sourcefilename="PulsarProducerTemplateImpl.kt"><method name="&lt;init&gt;" desc="(Lcom/intuit/spring/pulsar/client/config/PulsarProducerConfig;Lorg/springframework/context/ApplicationContext;)V" line="20"><counter type="INSTRUCTION" missed="0" covered="31"/><counter type="LINE" missed="0" covered="7"/><counter type="COMPLEXITY" missed="0" covered="1"/><counter type="METHOD" missed="0" covered="1"/></method><method name="getProducerTopic" desc="()Ljava/lang/String;" line="34"><counter type="INSTRUCTION" missed="0" covered="4"/><counter type="LINE" missed="0" covered="1"/><counter type="COMPLEXITY" missed="0" covered="1"/><counter type="METHOD" missed="0" covered="1"/></method><method name="getProducerName" desc="()Ljava/lang/String;" line="38"><counter type="INSTRUCTION" missed="0" covered="4"/><counter type="LINE" missed="0" covered="1"/><counter type="COMPLEXITY" missed="0" covered="1"/><counter type="METHOD" missed="0" covered="1"/></method><method name="getLastSequenceId" desc="()J" line="42"><counter type="INSTRUCTION" missed="0" covered="4"/><counter type="LINE" missed="0" covered="1"/><counter type="COMPLEXITY" missed="0" covered="1"/><counter type="METHOD" missed="0" covered="1"/></method><method name="getStats" desc="()Lorg/apache/pulsar/client/api/ProducerStats;" line="46"><counter type="INSTRUCTION" missed="0" covered="4"/><counter type="LINE" missed="0" covered="1"/><counter type="COMPLEXITY" missed="0" covered="1"/><counter type="METHOD" missed="0" covered="1"/></method><method name="isConnected" desc="()Z" line="50"><counter type="INSTRUCTION" missed="0" covered="4"/><counter type="LINE" missed="0" covered="1"/><counter type="COMPLEXITY" missed="0" covered="1"/><counter type="METHOD" missed="0" covered="1"/></method><method name="send" desc="(Ljava/lang/Object;Ljava/lang/String;Ljava/util/Map;Ljava/lang/Long;)Lorg/apache/pulsar/client/api/MessageId;" line="59"><counter type="INSTRUCTION" missed="0" covered="16"/><counter type="LINE" missed="0" covered="6"/><counter type="COMPLEXITY" missed="0" covered="1"/><counter type="METHOD" missed="0" covered="1"/></method><method name="sendAsync" desc="(Ljava/lang/Object;Lorg/springframework/util/concurrent/ListenableFutureCallback;Ljava/lang/String;Ljava/util/Map;Ljava/lang/Long;)Ljava/util/concurrent/CompletableFuture;" line="76"><counter type="INSTRUCTION" missed="0" covered="14"/><counter type="LINE" missed="0" covered="7"/><counter type="COMPLEXITY" missed="0" covered="1"/><counter type="METHOD" missed="0" covered="1"/></method><method name="doSend" desc="(Lcom/intuit/spring/pulsar/client/template/ProducerRecord;)Lorg/apache/pulsar/client/api/MessageId;" line="94"><counter type="INSTRUCTION" missed="0" covered="20"/><counter type="BRANCH" missed="0" covered="2"/><counter type="LINE" missed="0" covered="4"/><counter type="COMPLEXITY" missed="0" covered="2"/><counter type="METHOD" missed="0" covered="1"/></method><method name="doSendAsync" desc="(Lcom/intuit/spring/pulsar/client/template/ProducerRecord;)Ljava/util/concurrent/CompletableFuture;" line="108"><counter type="INSTRUCTION" missed="0" covered="21"/><counter type="LINE" missed="0" covered="4"/><counter type="COMPLEXITY" missed="0" covered="1"/><counter type="METHOD" missed="0" covered="1"/></method><method name="doSendAsync$lambda-0" desc="(Lcom/intuit/spring/pulsar/client/template/ProducerRecord;Lcom/intuit/spring/pulsar/client/template/PulsarProducerTemplateImpl;Lorg/apache/pulsar/client/api/MessageId;Ljava/lang/Throwable;)V" line="111"><counter type="INSTRUCTION" missed="0" covered="36"/><counter type="BRANCH" missed="0" covered="8"/><counter type="LINE" missed="0" covered="6"/><counter type="COMPLEXITY" missed="0" covered="5"/><counter type="METHOD" missed="0" covered="1"/></method><counter type="INSTRUCTION" missed="0" covered="158"/><counter type="BRANCH" missed="0" covered="10"/><counter type="LINE" missed="0" covered="39"/><counter type="COMPLEXITY" missed="0" covered="16"/><counter type="METHOD" missed="0" covered="11"/><counter type="CLASS" missed="0" covered="1"/></class><class name="com/intuit/spring/pulsar/client/template/PulsarProducerTemplate$DefaultImpls" sourcefilename="PulsarProducerTemplate.kt"><method name="send$default" desc="(Lcom/intuit/spring/pulsar/client/template/PulsarProducerTemplate;Ljava/lang/Object;Ljava/lang/String;Ljava/util/Map;Ljava/lang/Long;ILjava/lang/Object;)Lorg/apache/pulsar/client/api/MessageId;" line="29"><counter type="INSTRUCTION" missed="0" covered="24"/><counter type="LINE" missed="0" covered="4"/><counter type="COMPLEXITY" missed="0" covered="1"/><counter type="METHOD" missed="0" covered="1"/></method><method name="sendAsync$default" desc="(Lcom/intuit/spring/pulsar/client/template/PulsarProducerTemplate;Ljava/lang/Object;Lorg/springframework/util/concurrent/ListenableFutureCallback;Ljava/lang/String;Ljava/util/Map;Ljava/lang/Long;ILjava/lang/Object;)Ljava/util/concurrent/CompletableFuture;" line="41"><counter type="INSTRUCTION" missed="0" covered="30"/><counter type="LINE" missed="0" covered="5"/><counter type="COMPLEXITY" missed="0" covered="1"/><counter type="METHOD" missed="0" covered="1"/></method><counter type="INSTRUCTION" missed="0" covered="54"/><counter type="LINE" missed="0" covered="9"/><counter type="COMPLEXITY" missed="0" covered="2"/><counter type="METHOD" missed="0" covered="2"/><counter type="CLASS" missed="0" covered="1"/></class><sourcefile name="PulsarProducerTemplateImpl.kt"><line nr="20" mi="0" ci="2" mb="0" cb="0"/><line nr="21" mi="0" ci="1" mb="0" cb="0"/><line nr="26" mi="0" ci="3" mb="0" cb="0"/><line nr="27" mi="0" ci="1" mb="0" cb="0"/><line nr="28" mi="0" ci="9" mb="0" cb="0"/><line nr="29" mi="0" ci="3" mb="0" cb="0"/><line nr="31" mi="0" ci="6" mb="0" cb="0"/><line nr="34" mi="0" ci="4" mb="0" cb="0"/><line nr="38" mi="0" ci="4" mb="0" cb="0"/><line nr="42" mi="0" ci="4" mb="0" cb="0"/><line nr="46" mi="0" ci="4" mb="0" cb="0"/><line nr="50" mi="0" ci="4" mb="0" cb="0"/><line nr="59" mi="0" ci="3" mb="0" cb="0"/><line nr="60" mi="0" ci="6" mb="0" cb="0"/><line nr="61" mi="0" ci="1" mb="0" cb="0"/><line nr="62" mi="0" ci="1" mb="0" cb="0"/><line nr="63" mi="0" ci="1" mb="0" cb="0"/><line nr="64" mi="0" ci="1" mb="0" cb="0"/><line nr="76" mi="0" ci="3" mb="0" cb="0"/><line nr="77" mi="0" ci="3" mb="0" cb="0"/><line nr="78" mi="0" ci="1" mb="0" cb="0"/><line nr="79" mi="0" ci="1" mb="0" cb="0"/><line nr="80" mi="0" ci="1" mb="0" cb="0"/><line nr="81" mi="0" ci="1" mb="0" cb="0"/><line nr="82" mi="0" ci="1" mb="0" cb="0"/><line nr="94" mi="0" ci="8" mb="0" cb="0"/><line nr="95" mi="0" ci="4" mb="0" cb="2"/><line nr="96" mi="0" ci="3" mb="0" cb="0"/><line nr="98" mi="0" ci="5" mb="0" cb="0"/><line nr="108" mi="0" ci="1" mb="0" cb="0"/><line nr="109" mi="0" ci="12" mb="0" cb="0"/><line nr="110" mi="0" ci="6" mb="0" cb="0"/><line nr="111" mi="0" ci="2" mb="0" cb="2"/><line nr="112" mi="0" ci="10" mb="0" cb="2"/><line nr="114" mi="0" ci="9" mb="0" cb="2"/><line nr="116" mi="0" ci="4" mb="0" cb="2"/><line nr="117" mi="0" ci="4" mb="0" cb="0"/><line nr="119" mi="0" ci="1" mb="0" cb="0"/><line nr="120" mi="0" ci="2" mb="0" cb="0"/><line nr="129" mi="0" ci="22" mb="0" cb="0"/><line nr="130" mi="0" ci="6" mb="0" cb="0"/><line nr="131" mi="0" ci="8" mb="0" cb="0"/><line nr="132" mi="0" ci="8" mb="0" cb="0"/><line nr="133" mi="0" ci="10" mb="0" cb="0"/><line nr="134" mi="0" ci="8" mb="0" cb="0"/><line nr="135" mi="0" ci="1" mb="0" cb="0"/><counter type="INSTRUCTION" missed="0" covered="224"/><counter type="BRANCH" missed="0" covered="10"/><counter type="LINE" missed="0" covered="46"/><counter type="COMPLEXITY" missed="0" covered="23"/><counter type="METHOD" missed="0" covered="18"/><counter type="CLASS" missed="0" covered="2"/></sourcefile><sourcefile name="PulsarProducerTemplate.kt"><line nr="29" mi="0" ci="16" mb="0" cb="0"/><line nr="31" mi="0" ci="2" mb="0" cb="0"/><line nr="32" mi="0" ci="4" mb="0" cb="0"/><line nr="33" mi="0" ci="2" mb="0" cb="0"/><line nr="41" mi="0" ci="20" mb="0" cb="0"/><line nr="43" mi="0" ci="2" mb="0" cb="0"/><line nr="44" mi="0" ci="2" mb="0" cb="0"/><line nr="45" mi="0" ci="4" mb="0" cb="0"/><line nr="46" mi="0" ci="2" mb="0" cb="0"/><counter type="INSTRUCTION" missed="0" covered="54"/><counter type="LINE" missed="0" covered="9"/><counter type="COMPLEXITY" missed="0" covered="2"/><counter type="METHOD" missed="0" covered="2"/><counter type="CLASS" missed="0" covered="1"/></sourcefile><counter type="INSTRUCTION" missed="0" covered="278"/><counter type="BRANCH" missed="0" covered="10"/><counter type="LINE" missed="0" covered="55"/><counter type="COMPLEXITY" missed="0" covered="25"/><counter type="METHOD" missed="0" covered="20"/><counter type="CLASS" missed="0" covered="3"/></package><package name="com/intuit/spring/pulsar/client/constant"><class name="com/intuit/spring/pulsar/client/constant/AuthConstants" sourcefilename="AuthConstants.kt"/><sourcefile name="AuthConstants.kt"/></package><package name="com/intuit/spring/pulsar/client/producer"><class name="com/intuit/spring/pulsar/client/producer/PulsarProducerFactory" sourcefilename="PulsarProducerFactory.kt"><method name="&lt;init&gt;" desc="(Lcom/intuit/spring/pulsar/client/config/PulsarProducerConfig;Lcom/intuit/spring/pulsar/client/client/IPulsarClientFactory;)V" line="11"><counter type="INSTRUCTION" missed="0" covered="15"/><counter type="LINE" missed="0" covered="3"/><counter type="COMPLEXITY" missed="0" covered="1"/><counter type="METHOD" missed="0" covered="1"/></method><method name="create" desc="()Lcom/intuit/spring/pulsar/client/producer/PulsarProducer;" line="22"><counter type="INSTRUCTION" missed="0" covered="16"/><counter type="LINE" missed="0" covered="2"/><counter type="COMPLEXITY" missed="0" covered="1"/><counter type="METHOD" missed="0" covered="1"/></method><counter type="INSTRUCTION" missed="0" covered="31"/><counter type="LINE" missed="0" covered="5"/><counter type="COMPLEXITY" missed="0" covered="2"/><counter type="METHOD" missed="0" covered="2"/><counter type="CLASS" missed="0" covered="1"/></class><class name="com/intuit/spring/pulsar/client/producer/IPulsarProducerMessageFactory" sourcefilename="PulsarProducerMessageFactory.kt"/><class name="com/intuit/spring/pulsar/client/producer/PulsarProducerMessageFactory" sourcefilename="PulsarProducerMessageFactory.kt"><method name="&lt;init&gt;" desc="()V" line="25"><counter type="INSTRUCTION" missed="0" covered="3"/><counter type="LINE" missed="0" covered="1"/><counter type="COMPLEXITY" missed="0" covered="1"/><counter type="METHOD" missed="0" covered="1"/></method><method name="build" desc="(Lcom/intuit/spring/pulsar/client/template/ProducerRecord;Lcom/intuit/spring/pulsar/client/producer/PulsarProducer;)Lorg/apache/pulsar/client/api/TypedMessageBuilder;" line="27"><counter type="INSTRUCTION" missed="0" covered="117"/><counter type="BRANCH" missed="0" covered="10"/><counter type="LINE" missed="0" covered="8"/><counter type="COMPLEXITY" missed="0" covered="6"/><counter type="METHOD" missed="0" covered="1"/></method><counter type="INSTRUCTION" missed="0" covered="120"/><counter type="BRANCH" missed="0" covered="10"/><counter type="LINE" missed="0" covered="9"/><counter type="COMPLEXITY" missed="0" covered="7"/><counter type="METHOD" missed="0" covered="2"/><counter type="CLASS" missed="0" covered="1"/></class><class name="com/intuit/spring/pulsar/client/producer/PulsarProducerBuilder" sourcefilename="PulsarProducerBuilder.kt"><method name="&lt;init&gt;" desc="(Lorg/apache/pulsar/client/api/PulsarClient;Lorg/apache/pulsar/client/api/Schema;)V" line="15"><counter type="INSTRUCTION" missed="0" covered="26"/><counter type="LINE" missed="0" covered="3"/><counter type="COMPLEXITY" missed="0" covered="1"/><counter type="METHOD" missed="0" covered="1"/></method><method name="getSchema" desc="()Lorg/apache/pulsar/client/api/Schema;" line="15"><counter type="INSTRUCTION" missed="3" covered="0"/><counter type="LINE" missed="1" covered="0"/><counter type="COMPLEXITY" missed="1" covered="0"/><counter type="METHOD" missed="1" covered="0"/></method><method name="withProducerConfig" desc="(Lcom/intuit/spring/pulsar/client/config/PulsarProducerConfig;)Lcom/intuit/spring/pulsar/client/producer/PulsarProducerBuilder;" line="24"><counter type="INSTRUCTION" missed="0" covered="125"/><counter type="BRANCH" missed="0" covered="6"/><counter type="LINE" missed="0" covered="14"/><counter type="COMPLEXITY" missed="0" covered="4"/><counter type="METHOD" missed="0" covered="1"/></method><method name="withBatchConfig" desc="(Lcom/intuit/spring/pulsar/client/config/PulsarProducerBatchingConfig;)Lcom/intuit/spring/pulsar/client/producer/PulsarProducerBuilder;" line="45"><counter type="INSTRUCTION" missed="0" covered="79"/><counter type="BRANCH" missed="0" covered="6"/><counter type="LINE" missed="0" covered="8"/><counter type="COMPLEXITY" missed="0" covered="4"/><counter type="METHOD" missed="0" covered="1"/></method><method name="withMessageConfig" desc="(Lcom/intuit/spring/pulsar/client/config/PulsarProducerMessageConfig;)Lcom/intuit/spring/pulsar/client/producer/PulsarProducerBuilder;" line="61"><counter type="INSTRUCTION" missed="0" covered="116"/><counter type="BRANCH" missed="0" covered="10"/><counter type="LINE" missed="0" covered="9"/><counter type="COMPLEXITY" missed="0" covered="6"/><counter type="METHOD" missed="0" covered="1"/></method><method name="build" desc="()Lcom/intuit/spring/pulsar/client/producer/PulsarProducer;" line="76"><counter type="INSTRUCTION" missed="0" covered="16"/><counter type="LINE" missed="0" covered="4"/><counter type="COMPLEXITY" missed="0" covered="1"/><counter type="METHOD" missed="0" covered="1"/></method><counter type="INSTRUCTION" missed="3" covered="362"/><counter type="BRANCH" missed="0" covered="22"/><counter type="LINE" missed="0" covered="38"/><counter type="COMPLEXITY" missed="1" covered="16"/><counter type="METHOD" missed="1" covered="5"/><counter type="CLASS" missed="0" covered="1"/></class><class name="com/intuit/spring/pulsar/client/producer/PulsarProducer" sourcefilename="PulsarProducer.kt"><method name="&lt;init&gt;" desc="(Lorg/apache/pulsar/client/api/Producer;ZLorg/apache/pulsar/client/api/Schema;)V" line="12"><counter type="INSTRUCTION" missed="0" covered="18"/><counter type="LINE" missed="0" covered="5"/><counter type="COMPLEXITY" missed="0" covered="1"/><counter type="METHOD" missed="0" covered="1"/></method><method name="getAutoFlush" desc="()Z" line="15"><counter type="INSTRUCTION" missed="0" covered="3"/><counter type="LINE" missed="0" covered="1"/><counter type="COMPLEXITY" missed="0" covered="1"/><counter type="METHOD" missed="0" covered="1"/></method><method name="getSchema" desc="()Lorg/apache/pulsar/client/api/Schema;" line="16"><counter type="INSTRUCTION" missed="0" covered="3"/><counter type="LINE" missed="0" covered="1"/><counter type="COMPLEXITY" missed="0" covered="1"/><counter type="METHOD" missed="0" covered="1"/></method><method name="newMessage" desc="()Lorg/apache/pulsar/client/api/TypedMessageBuilder;" line="20"><counter type="INSTRUCTION" missed="0" covered="10"/><counter type="LINE" missed="0" covered="1"/><counter type="COMPLEXITY" missed="0" covered="1"/><counter type="METHOD" missed="0" covered="1"/></method><counter type="INSTRUCTION" missed="0" covered="34"/><counter type="LINE" missed="0" covered="6"/><counter type="COMPLEXITY" missed="0" covered="4"/><counter type="METHOD" missed="0" covered="4"/><counter type="CLASS" missed="0" covered="1"/></class><sourcefile name="PulsarProducerMessageFactory.kt"><line nr="25" mi="0" ci="3" mb="0" cb="0"/><line nr="27" mi="0" ci="17" mb="0" cb="6"/><line nr="28" mi="0" ci="4" mb="0" cb="0"/><line nr="30" mi="0" ci="3" mb="0" cb="0"/><line nr="31" mi="0" ci="5" mb="0" cb="0"/><line nr="32" mi="0" ci="20" mb="0" cb="2"/><line nr="33" mi="0" ci="37" mb="0" cb="0"/><line nr="34" mi="0" ci="23" mb="0" cb="2"/><line nr="35" mi="0" ci="2" mb="0" cb="0"/><counter type="INSTRUCTION" missed="0" covered="120"/><counter type="BRANCH" missed="0" covered="10"/><counter type="LINE" missed="0" covered="9"/><counter type="COMPLEXITY" missed="0" covered="7"/><counter type="METHOD" missed="0" covered="2"/><counter type="CLASS" missed="0" covered="1"/></sourcefile><sourcefile name="PulsarProducerBuilder.kt"><line nr="15" mi="3" ci="6" mb="0" cb="0"/><line nr="17" mi="0" ci="11" mb="0" cb="0"/><line nr="18" mi="0" ci="3" mb="0" cb="0"/><line nr="24" mi="0" ci="11" mb="0" cb="0"/><line nr="25" mi="0" ci="15" mb="0" cb="0"/><line nr="26" mi="0" ci="7" mb="0" cb="2"/><line nr="27" mi="0" ci="16" mb="0" cb="0"/><line nr="28" mi="0" ci="7" mb="0" cb="2"/><line nr="29" mi="0" ci="14" mb="0" cb="0"/><line nr="30" mi="0" ci="7" mb="0" cb="2"/><line nr="31" mi="0" ci="17" mb="0" cb="0"/><line nr="32" mi="0" ci="12" mb="0" cb="0"/><line nr="33" mi="0" ci="4" mb="0" cb="0"/><line nr="34" mi="0" ci="1" mb="0" cb="0"/><line nr="35" mi="0" ci="5" mb="0" cb="0"/><line nr="36" mi="0" ci="4" mb="0" cb="0"/><line nr="38" mi="0" ci="2" mb="0" cb="0"/><line nr="45" mi="0" ci="23" mb="0" cb="2"/><line nr="46" mi="0" ci="7" mb="0" cb="2"/><line nr="47" mi="0" ci="17" mb="0" cb="0"/><line nr="48" mi="0" ci="19" mb="0" cb="2"/><line nr="49" mi="0" ci="4" mb="0" cb="0"/><line nr="50" mi="0" ci="3" mb="0" cb="0"/><line nr="51" mi="0" ci="1" mb="0" cb="0"/><line nr="54" mi="0" ci="2" mb="0" cb="0"/><line nr="61" mi="0" ci="7" mb="0" cb="2"/><line nr="62" mi="0" ci="14" mb="0" cb="0"/><line nr="63" mi="0" ci="21" mb="0" cb="2"/><line nr="64" mi="0" ci="21" mb="0" cb="2"/><line nr="65" mi="0" ci="7" mb="0" cb="2"/><line nr="66" mi="0" ci="17" mb="0" cb="0"/><line nr="67" mi="0" ci="7" mb="0" cb="2"/><line nr="68" mi="0" ci="17" mb="0" cb="0"/><line nr="69" mi="0" ci="2" mb="0" cb="0"/><line nr="76" mi="0" ci="4" mb="0" cb="0"/><line nr="77" mi="0" ci="8" mb="0" cb="0"/><line nr="78" mi="0" ci="2" mb="0" cb="0"/><line nr="79" mi="0" ci="2" mb="0" cb="0"/><counter type="INSTRUCTION" missed="3" covered="362"/><counter type="BRANCH" missed="0" covered="22"/><counter type="LINE" missed="0" covered="38"/><counter type="COMPLEXITY" missed="1" covered="16"/><counter type="METHOD" missed="1" covered="5"/><counter type="CLASS" missed="0" covered="1"/></sourcefile><sourcefile name="PulsarProducerFactory.kt"><line nr="11" mi="0" ci="3" mb="0" cb="0"/><line nr="12" mi="0" ci="3" mb="0" cb="0"/><line nr="13" mi="0" ci="3" mb="0" cb="0"/><line nr="22" mi="0" ci="4" mb="0" cb="0"/><line nr="23" mi="0" ci="12" mb="0" cb="0"/><counter type="INSTRUCTION" missed="0" covered="31"/><counter type="LINE" missed="0" covered="5"/><counter type="COMPLEXITY" missed="0" covered="2"/><counter type="METHOD" missed="0" covered="2"/><counter type="CLASS" missed="0" covered="1"/></sourcefile><sourcefile name="PulsarProducer.kt"><line nr="12" mi="0" ci="2" mb="0" cb="0"/><line nr="13" mi="0" ci="1" mb="0" cb="0"/><line nr="14" mi="0" ci="3" mb="0" cb="0"/><line nr="15" mi="0" ci="6" mb="0" cb="0"/><line nr="16" mi="0" ci="6" mb="0" cb="0"/><line nr="20" mi="0" ci="10" mb="0" cb="0"/><counter type="INSTRUCTION" missed="0" covered="34"/><counter type="LINE" missed="0" covered="6"/><counter type="COMPLEXITY" missed="0" covered="4"/><counter type="METHOD" missed="0" covered="4"/><counter type="CLASS" missed="0" covered="1"/></sourcefile><counter type="INSTRUCTION" missed="3" covered="547"/><counter type="BRANCH" missed="0" covered="32"/><counter type="LINE" missed="0" covered="58"/><counter type="COMPLEXITY" missed="1" covered="29"/><counter type="METHOD" missed="1" covered="13"/><counter type="CLASS" missed="0" covered="4"/></package><package name="com/intuit/spring/pulsar/client/config"><class name="com/intuit/spring/pulsar/client/config/PulsarProducerMessageConfig" sourcefilename="PulsarProducerConfig.kt"><method name="&lt;init&gt;" desc="(Ljava/lang/Integer;Ljava/lang/Integer;Lorg/apache/pulsar/client/api/MessageRoutingMode;Lorg/apache/pulsar/client/api/HashingScheme;Lorg/apache/pulsar/client/api/CompressionType;)V" line="50"><counter type="INSTRUCTION" missed="0" covered="18"/><counter type="LINE" missed="0" covered="6"/><counter type="COMPLEXITY" missed="0" covered="1"/><counter type="METHOD" missed="0" covered="1"/></method><method name="&lt;init&gt;" desc="(Ljava/lang/Integer;Ljava/lang/Integer;Lorg/apache/pulsar/client/api/MessageRoutingMode;Lorg/apache/pulsar/client/api/HashingScheme;Lorg/apache/pulsar/client/api/CompressionType;ILkotlin/jvm/internal/DefaultConstructorMarker;)V" line="50"><counter type="INSTRUCTION" missed="0" covered="33"/><counter type="LINE" missed="0" covered="7"/><counter type="COMPLEXITY" missed="0" covered="1"/><counter type="METHOD" missed="0" covered="1"/></method><method name="getMaxPendingMessages" desc="()Ljava/lang/Integer;" line="51"><counter type="INSTRUCTION" missed="0" covered="3"/><counter type="LINE" missed="0" covered="1"/><counter type="COMPLEXITY" missed="0" covered="1"/><counter type="METHOD" missed="0" covered="1"/></method><method name="getMaxPendingMessagesAcrossPartitions" desc="()Ljava/lang/Integer;" line="52"><counter type="INSTRUCTION" missed="0" covered="3"/><counter type="LINE" missed="0" covered="1"/><counter type="COMPLEXITY" missed="0" covered="1"/><counter type="METHOD" missed="0" covered="1"/></method><method name="getMessageRoutingMode" desc="()Lorg/apache/pulsar/client/api/MessageRoutingMode;" line="53"><counter type="INSTRUCTION" missed="0" covered="3"/><counter type="LINE" missed="0" covered="1"/><counter type="COMPLEXITY" missed="0" covered="1"/><counter type="METHOD" missed="0" covered="1"/></method><method name="getHashingScheme" desc="()Lorg/apache/pulsar/client/api/HashingScheme;" line="54"><counter type="INSTRUCTION" missed="0" covered="3"/><counter type="LINE" missed="0" covered="1"/><counter type="COMPLEXITY" missed="0" covered="1"/><counter type="METHOD" missed="0" covered="1"/></method><method name="getCompressionType" desc="()Lorg/apache/pulsar/client/api/CompressionType;" line="55"><counter type="INSTRUCTION" missed="0" covered="3"/><counter type="LINE" missed="0" covered="1"/><counter type="COMPLEXITY" missed="0" covered="1"/><counter type="METHOD" missed="0" covered="1"/></method><counter type="INSTRUCTION" missed="0" covered="66"/><counter type="LINE" missed="0" covered="7"/><counter type="COMPLEXITY" missed="0" covered="7"/><counter type="METHOD" missed="0" covered="7"/><counter type="CLASS" missed="0" covered="1"/></class><class name="com/intuit/spring/pulsar/client/config/PulsarClientConfig" sourcefilename="PulsarClientConfig.kt"><method name="&lt;init&gt;" desc="(Ljava/lang/String;Ljava/lang/String;Lcom/intuit/spring/pulsar/client/config/PulsarClientConfig$PulsarTlsConfig;Lcom/intuit/spring/pulsar/client/config/PulsarClientConfig$PulsarRequestConfig;Lcom/intuit/spring/pulsar/client/config/PulsarClientConfig$PulsarNetworkConfig;Lcom/intuit/spring/pulsar/client/config/PulsarClientConfig$PulsarThreadPoolConfig;Lcom/intuit/spring/pulsar/client/config/PulsarClientConfig$PulsarAuthConfig;)V" line="12"><counter type="INSTRUCTION" missed="0" covered="45"/><counter type="LINE" missed="0" covered="9"/><counter type="COMPLEXITY" missed="0" covered="1"/><counter type="METHOD" missed="0" covered="1"/></method><method name="&lt;init&gt;" desc="(Ljava/lang/String;Ljava/lang/String;Lcom/intuit/spring/pulsar/client/config/PulsarClientConfig$PulsarTlsConfig;Lcom/intuit/spring/pulsar/client/config/PulsarClientConfig$PulsarRequestConfig;Lcom/intuit/spring/pulsar/client/config/PulsarClientConfig$PulsarNetworkConfig;Lcom/intuit/spring/pulsar/client/config/PulsarClientConfig$PulsarThreadPoolConfig;Lcom/intuit/spring/pulsar/client/config/PulsarClientConfig$PulsarAuthConfig;ILkotlin/jvm/internal/DefaultConstructorMarker;)V" line="15"><counter type="INSTRUCTION" missed="10" covered="73"/><counter type="LINE" missed="2" covered="7"/><counter type="COMPLEXITY" missed="0" covered="1"/><counter type="METHOD" missed="0" covered="1"/></method><method name="getServiceUrl" desc="()Ljava/lang/String;" line="16"><counter type="INSTRUCTION" missed="0" covered="3"/><counter type="LINE" missed="0" covered="1"/><counter type="COMPLEXITY" missed="0" covered="1"/><counter type="METHOD" missed="0" covered="1"/></method><method name="setServiceUrl" desc="(Ljava/lang/String;)V" line="16"><counter type="INSTRUCTION" missed="0" covered="7"/><counter type="LINE" missed="0" covered="1"/><counter type="COMPLEXITY" missed="0" covered="1"/><counter type="METHOD" missed="0" covered="1"/></method><method name="getStatsInterval" desc="()Ljava/lang/String;" line="17"><counter type="INSTRUCTION" missed="0" covered="3"/><counter type="LINE" missed="0" covered="1"/><counter type="COMPLEXITY" missed="0" covered="1"/><counter type="METHOD" missed="0" covered="1"/></method><method name="setStatsInterval" desc="(Ljava/lang/String;)V" line="17"><counter type="INSTRUCTION" missed="0" covered="7"/><counter type="LINE" missed="0" covered="1"/><counter type="COMPLEXITY" missed="0" covered="1"/><counter type="METHOD" missed="0" covered="1"/></method><method name="getTls" desc="()Lcom/intuit/spring/pulsar/client/config/PulsarClientConfig$PulsarTlsConfig;" line="18"><counter type="INSTRUCTION" missed="0" covered="3"/><counter type="LINE" missed="0" covered="1"/><counter type="COMPLEXITY" missed="0" covered="1"/><counter type="METHOD" missed="0" covered="1"/></method><method name="setTls" desc="(Lcom/intuit/spring/pulsar/client/config/PulsarClientConfig$PulsarTlsConfig;)V" line="18"><counter type="INSTRUCTION" missed="0" covered="7"/><counter type="LINE" missed="0" covered="1"/><counter type="COMPLEXITY" missed="0" covered="1"/><counter type="METHOD" missed="0" covered="1"/></method><method name="getRequest" desc="()Lcom/intuit/spring/pulsar/client/config/PulsarClientConfig$PulsarRequestConfig;" line="19"><counter type="INSTRUCTION" missed="0" covered="3"/><counter type="LINE" missed="0" covered="1"/><counter type="COMPLEXITY" missed="0" covered="1"/><counter type="METHOD" missed="0" covered="1"/></method><method name="setRequest" desc="(Lcom/intuit/spring/pulsar/client/config/PulsarClientConfig$PulsarRequestConfig;)V" line="19"><counter type="INSTRUCTION" missed="0" covered="7"/><counter type="LINE" missed="0" covered="1"/><counter type="COMPLEXITY" missed="0" covered="1"/><counter type="METHOD" missed="0" covered="1"/></method><method name="getNetwork" desc="()Lcom/intuit/spring/pulsar/client/config/PulsarClientConfig$PulsarNetworkConfig;" line="20"><counter type="INSTRUCTION" missed="0" covered="3"/><counter type="LINE" missed="0" covered="1"/><counter type="COMPLEXITY" missed="0" covered="1"/><counter type="METHOD" missed="0" covered="1"/></method><method name="setNetwork" desc="(Lcom/intuit/spring/pulsar/client/config/PulsarClientConfig$PulsarNetworkConfig;)V" line="20"><counter type="INSTRUCTION" missed="0" covered="7"/><counter type="LINE" missed="0" covered="1"/><counter type="COMPLEXITY" missed="0" covered="1"/><counter type="METHOD" missed="0" covered="1"/></method><method name="getThreadPool" desc="()Lcom/intuit/spring/pulsar/client/config/PulsarClientConfig$PulsarThreadPoolConfig;" line="21"><counter type="INSTRUCTION" missed="0" covered="3"/><counter type="LINE" missed="0" covered="1"/><counter type="COMPLEXITY" missed="0" covered="1"/><counter type="METHOD" missed="0" covered="1"/></method><method name="setThreadPool" desc="(Lcom/intuit/spring/pulsar/client/config/PulsarClientConfig$PulsarThreadPoolConfig;)V" line="21"><counter type="INSTRUCTION" missed="0" covered="7"/><counter type="LINE" missed="0" covered="1"/><counter type="COMPLEXITY" missed="0" covered="1"/><counter type="METHOD" missed="0" covered="1"/></method><method name="getAuth" desc="()Lcom/intuit/spring/pulsar/client/config/PulsarClientConfig$PulsarAuthConfig;" line="22"><counter type="INSTRUCTION" missed="0" covered="3"/><counter type="LINE" missed="0" covered="1"/><counter type="COMPLEXITY" missed="0" covered="1"/><counter type="METHOD" missed="0" covered="1"/></method><method name="setAuth" desc="(Lcom/intuit/spring/pulsar/client/config/PulsarClientConfig$PulsarAuthConfig;)V" line="22"><counter type="INSTRUCTION" missed="0" covered="7"/><counter type="LINE" missed="0" covered="1"/><counter type="COMPLEXITY" missed="0" covered="1"/><counter type="METHOD" missed="0" covered="1"/></method><counter type="INSTRUCTION" missed="10" covered="188"/><counter type="LINE" missed="0" covered="10"/><counter type="COMPLEXITY" missed="0" covered="16"/><counter type="METHOD" missed="0" covered="16"/><counter type="CLASS" missed="0" covered="1"/></class><class name="com/intuit/spring/pulsar/client/config/SubscriptionConfig" sourcefilename="PulsarConsumerConfig.kt"><method name="&lt;init&gt;" desc="(Ljava/lang/String;Ljava/lang/String;Ljava/lang/String;Ljava/lang/String;Z)V" line="41"><counter type="INSTRUCTION" missed="0" covered="30"/><counter type="LINE" missed="0" covered="6"/><counter type="COMPLEXITY" missed="0" covered="1"/><counter type="METHOD" missed="0" covered="1"/></method><method name="&lt;init&gt;" desc="(Ljava/lang/String;Ljava/lang/String;Ljava/lang/String;Ljava/lang/String;ZILkotlin/jvm/internal/DefaultConstructorMarker;)V" line="41"><counter type="INSTRUCTION" missed="0" covered="33"/><counter type="LINE" missed="0" covered="7"/><counter type="COMPLEXITY" missed="0" covered="1"/><counter type="METHOD" missed="0" covered="1"/></method><method name="getSubscriptionName" desc="()Ljava/lang/String;" line="42"><counter type="INSTRUCTION" missed="0" covered="3"/><counter type="LINE" missed="0" covered="1"/><counter type="COMPLEXITY" missed="0" covered="1"/><counter type="METHOD" missed="0" covered="1"/></method><method name="getSubscriptionType" desc="()Ljava/lang/String;" line="43"><counter type="INSTRUCTION" missed="0" covered="3"/><counter type="LINE" missed="0" covered="1"/><counter type="COMPLEXITY" missed="0" covered="1"/><counter type="METHOD" missed="0" covered="1"/></method><method name="getSubscriptionInitialPosition" desc="()Ljava/lang/String;" line="44"><counter type="INSTRUCTION" missed="0" covered="3"/><counter type="LINE" missed="0" covered="1"/><counter type="COMPLEXITY" missed="0" covered="1"/><counter type="METHOD" missed="0" covered="1"/></method><method name="getRegexSubscriptionMode" desc="()Ljava/lang/String;" line="45"><counter type="INSTRUCTION" missed="0" covered="3"/><counter type="LINE" missed="0" covered="1"/><counter type="COMPLEXITY" missed="0" covered="1"/><counter type="METHOD" missed="0" covered="1"/></method><method name="getReplicateSubscriptionState" desc="()Z" line="46"><counter type="INSTRUCTION" missed="0" covered="3"/><counter type="LINE" missed="0" covered="1"/><counter type="COMPLEXITY" missed="0" covered="1"/><counter type="METHOD" missed="0" covered="1"/></method><counter type="INSTRUCTION" missed="0" covered="78"/><counter type="LINE" missed="0" covered="7"/><counter type="COMPLEXITY" missed="0" covered="7"/><counter type="METHOD" missed="0" covered="7"/><counter type="CLASS" missed="0" covered="1"/></class><class name="com/intuit/spring/pulsar/client/config/PulsarProducerBatchingConfig" sourcefilename="PulsarProducerConfig.kt"><method name="&lt;init&gt;" desc="(Ljava/lang/Long;Ljava/lang/Integer;Ljava/lang/Boolean;)V" line="39"><counter type="INSTRUCTION" missed="0" covered="12"/><counter type="LINE" missed="0" covered="4"/><counter type="COMPLEXITY" missed="0" covered="1"/><counter type="METHOD" missed="0" covered="1"/></method><method name="&lt;init&gt;" desc="(Ljava/lang/Long;Ljava/lang/Integer;Ljava/lang/Boolean;ILkotlin/jvm/internal/DefaultConstructorMarker;)V" line="39"><counter type="INSTRUCTION" missed="0" covered="21"/><counter type="LINE" missed="0" covered="5"/><counter type="COMPLEXITY" missed="0" covered="1"/><counter type="METHOD" missed="0" covered="1"/></method><method name="getBatchingMaxPublishDelayMicros" desc="()Ljava/lang/Long;" line="40"><counter type="INSTRUCTION" missed="0" covered="3"/><counter type="LINE" missed="0" covered="1"/><counter type="COMPLEXITY" missed="0" covered="1"/><counter type="METHOD" missed="0" covered="1"/></method><method name="getBatchingMaxMessages" desc="()Ljava/lang/Integer;" line="41"><counter type="INSTRUCTION" missed="0" covered="3"/><counter type="LINE" missed="0" covered="1"/><counter type="COMPLEXITY" missed="0" covered="1"/><counter type="METHOD" missed="0" covered="1"/></method><method name="getBatchingEnabled" desc="()Ljava/lang/Boolean;" line="42"><counter type="INSTRUCTION" missed="0" covered="3"/><counter type="LINE" missed="0" covered="1"/><counter type="COMPLEXITY" missed="0" covered="1"/><counter type="METHOD" missed="0" covered="1"/></method><counter type="INSTRUCTION" missed="0" covered="42"/><counter type="LINE" missed="0" covered="5"/><counter type="COMPLEXITY" missed="0" covered="5"/><counter type="METHOD" missed="0" covered="5"/><counter type="CLASS" missed="0" covered="1"/></class><class name="com/intuit/spring/pulsar/client/config/PulsarClientConfig$PulsarRequestConfig" sourcefilename="PulsarClientConfig.kt"><method name="&lt;init&gt;" desc="(III)V" line="62"><counter type="INSTRUCTION" missed="0" covered="12"/><counter type="LINE" missed="0" covered="4"/><counter type="COMPLEXITY" missed="0" covered="1"/><counter type="METHOD" missed="0" covered="1"/></method><method name="&lt;init&gt;" desc="(IIIILkotlin/jvm/internal/DefaultConstructorMarker;)V" line="62"><counter type="INSTRUCTION" missed="0" covered="21"/><counter type="LINE" missed="0" covered="5"/><counter type="COMPLEXITY" missed="0" covered="1"/><counter type="METHOD" missed="0" covered="1"/></method><method name="getConcurrentLookupRequest" desc="()I" line="63"><counter type="INSTRUCTION" missed="0" covered="3"/><counter type="LINE" missed="0" covered="1"/><counter type="COMPLEXITY" missed="0" covered="1"/><counter type="METHOD" missed="0" covered="1"/></method><method name="setConcurrentLookupRequest" desc="(I)V" line="63"><counter type="INSTRUCTION" missed="0" covered="4"/><counter type="LINE" missed="0" covered="1"/><counter type="COMPLEXITY" missed="0" covered="1"/><counter type="METHOD" missed="0" covered="1"/></method><method name="getMaxLookupRequest" desc="()I" line="64"><counter type="INSTRUCTION" missed="0" covered="3"/><counter type="LINE" missed="0" covered="1"/><counter type="COMPLEXITY" missed="0" covered="1"/><counter type="METHOD" missed="0" covered="1"/></method><method name="setMaxLookupRequest" desc="(I)V" line="64"><counter type="INSTRUCTION" missed="0" covered="4"/><counter type="LINE" missed="0" covered="1"/><counter type="COMPLEXITY" missed="0" covered="1"/><counter type="METHOD" missed="0" covered="1"/></method><method name="getMaxNumberOfRejectedRequestPerConnection" desc="()I" line="65"><counter type="INSTRUCTION" missed="0" covered="3"/><counter type="LINE" missed="0" covered="1"/><counter type="COMPLEXITY" missed="0" covered="1"/><counter type="METHOD" missed="0" covered="1"/></method><method name="setMaxNumberOfRejectedRequestPerConnection" desc="(I)V" line="65"><counter type="INSTRUCTION" missed="0" covered="4"/><counter type="LINE" missed="0" covered="1"/><counter type="COMPLEXITY" missed="0" covered="1"/><counter type="METHOD" missed="0" covered="1"/></method><counter type="INSTRUCTION" missed="0" covered="54"/><counter type="LINE" missed="0" covered="5"/><counter type="COMPLEXITY" missed="0" covered="8"/><counter type="METHOD" missed="0" covered="8"/><counter type="CLASS" missed="0" covered="1"/></class><class name="com/intuit/spring/pulsar/client/config/TopicConfig" sourcefilename="PulsarConsumerConfig.kt"><method name="&lt;init&gt;" desc="(Ljava/lang/String;Ljava/lang/String;)V" line="53"><counter type="INSTRUCTION" missed="0" covered="15"/><counter type="LINE" missed="0" covered="3"/><counter type="COMPLEXITY" missed="0" covered="1"/><counter type="METHOD" missed="0" covered="1"/></method><method name="&lt;init&gt;" desc="(Ljava/lang/String;Ljava/lang/String;ILkotlin/jvm/internal/DefaultConstructorMarker;)V" line="53"><counter type="INSTRUCTION" missed="0" covered="15"/><counter type="LINE" missed="0" covered="4"/><counter type="COMPLEXITY" missed="0" covered="1"/><counter type="METHOD" missed="0" covered="1"/></method><method name="getTopicNames" desc="()Ljava/lang/String;" line="54"><counter type="INSTRUCTION" missed="0" covered="3"/><counter type="LINE" missed="0" covered="1"/><counter type="COMPLEXITY" missed="0" covered="1"/><counter type="METHOD" missed="0" covered="1"/></method><method name="getTopicsPattern" desc="()Ljava/lang/String;" line="55"><counter type="INSTRUCTION" missed="0" covered="3"/><counter type="LINE" missed="0" covered="1"/><counter type="COMPLEXITY" missed="0" covered="1"/><counter type="METHOD" missed="0" covered="1"/></method><counter type="INSTRUCTION" missed="0" covered="36"/><counter type="LINE" missed="0" covered="4"/><counter type="COMPLEXITY" missed="0" covered="4"/><counter type="METHOD" missed="0" covered="4"/><counter type="CLASS" missed="0" covered="1"/></class><class name="com/intuit/spring/pulsar/client/config/PulsarProducerConfig" sourcefilename="PulsarProducerConfig.kt"><method name="&lt;init&gt;" desc="(Lorg/apache/pulsar/client/api/Schema;Ljava/lang/String;Ljava/lang/String;Ljava/time/Duration;Ljava/lang/Boolean;Lorg/apache/pulsar/client/api/ProducerCryptoFailureAction;Lcom/intuit/spring/pulsar/client/config/PulsarProducerMessageConfig;Lcom/intuit/spring/pulsar/client/config/PulsarProducerBatchingConfig;Z)V" line="15"><counter type="INSTRUCTION" missed="0" covered="42"/><counter type="LINE" missed="0" covered="10"/><counter type="COMPLEXITY" missed="0" covered="1"/><counter type="METHOD" missed="0" covered="1"/></method><method name="&lt;init&gt;" desc="(Lorg/apache/pulsar/client/api/Schema;Ljava/lang/String;Ljava/lang/String;Ljava/time/Duration;Ljava/lang/Boolean;Lorg/apache/pulsar/client/api/ProducerCryptoFailureAction;Lcom/intuit/spring/pulsar/client/config/PulsarProducerMessageConfig;Lcom/intuit/spring/pulsar/client/config/PulsarProducerBatchingConfig;ZILkotlin/jvm/internal/DefaultConstructorMarker;)V" line="15"><counter type="INSTRUCTION" missed="0" covered="63"/><counter type="LINE" missed="0" covered="9"/><counter type="COMPLEXITY" missed="0" covered="1"/><counter type="METHOD" missed="0" covered="1"/></method><method name="getSchema" desc="()Lorg/apache/pulsar/client/api/Schema;" line="16"><counter type="INSTRUCTION" missed="0" covered="3"/><counter type="LINE" missed="0" covered="1"/><counter type="COMPLEXITY" missed="0" covered="1"/><counter type="METHOD" missed="0" covered="1"/></method><method name="getTopicName" desc="()Ljava/lang/String;" line="17"><counter type="INSTRUCTION" missed="0" covered="3"/><counter type="LINE" missed="0" covered="1"/><counter type="COMPLEXITY" missed="0" covered="1"/><counter type="METHOD" missed="0" covered="1"/></method><method name="getName" desc="()Ljava/lang/String;" line="18"><counter type="INSTRUCTION" missed="0" covered="3"/><counter type="LINE" missed="0" covered="1"/><counter type="COMPLEXITY" missed="0" covered="1"/><counter type="METHOD" missed="0" covered="1"/></method><method name="getSendTimeout" desc="()Ljava/time/Duration;" line="19"><counter type="INSTRUCTION" missed="0" covered="3"/><counter type="LINE" missed="0" covered="1"/><counter type="COMPLEXITY" missed="0" covered="1"/><counter type="METHOD" missed="0" covered="1"/></method><method name="getBlockIfQueueFull" desc="()Ljava/lang/Boolean;" line="20"><counter type="INSTRUCTION" missed="0" covered="3"/><counter type="LINE" missed="0" covered="1"/><counter type="COMPLEXITY" missed="0" covered="1"/><counter type="METHOD" missed="0" covered="1"/></method><method name="getCryptoFailureAction" desc="()Lorg/apache/pulsar/client/api/ProducerCryptoFailureAction;" line="21"><counter type="INSTRUCTION" missed="0" covered="3"/><counter type="LINE" missed="0" covered="1"/><counter type="COMPLEXITY" missed="0" covered="1"/><counter type="METHOD" missed="0" covered="1"/></method><method name="getMessage" desc="()Lcom/intuit/spring/pulsar/client/config/PulsarProducerMessageConfig;" line="22"><counter type="INSTRUCTION" missed="0" covered="3"/><counter type="LINE" missed="0" covered="1"/><counter type="COMPLEXITY" missed="0" covered="1"/><counter type="METHOD" missed="0" covered="1"/></method><method name="getBatch" desc="()Lcom/intuit/spring/pulsar/client/config/PulsarProducerBatchingConfig;" line="23"><counter type="INSTRUCTION" missed="0" covered="3"/><counter type="LINE" missed="0" covered="1"/><counter type="COMPLEXITY" missed="0" covered="1"/><counter type="METHOD" missed="0" covered="1"/></method><method name="getAutoFlush" desc="()Z" line="31"><counter type="INSTRUCTION" missed="0" covered="3"/><counter type="LINE" missed="0" covered="1"/><counter type="COMPLEXITY" missed="0" covered="1"/><counter type="METHOD" missed="0" covered="1"/></method><counter type="INSTRUCTION" missed="0" covered="132"/><counter type="LINE" missed="0" covered="11"/><counter type="COMPLEXITY" missed="0" covered="11"/><counter type="METHOD" missed="0" covered="11"/><counter type="CLASS" missed="0" covered="1"/></class><class name="com/intuit/spring/pulsar/client/config/AckConfig" sourcefilename="PulsarConsumerConfig.kt"><method name="&lt;init&gt;" desc="(Ljava/lang/String;Ljava/lang/String;Ljava/lang/String;Z)V" line="73"><counter type="INSTRUCTION" missed="0" covered="24"/><counter type="LINE" missed="0" covered="5"/><counter type="COMPLEXITY" missed="0" covered="1"/><counter type="METHOD" missed="0" covered="1"/></method><method name="&lt;init&gt;" desc="(Ljava/lang/String;Ljava/lang/String;Ljava/lang/String;ZILkotlin/jvm/internal/DefaultConstructorMarker;)V" line="73"><counter type="INSTRUCTION" missed="0" covered="27"/><counter type="LINE" missed="0" covered="6"/><counter type="COMPLEXITY" missed="0" covered="1"/><counter type="METHOD" missed="0" covered="1"/></method><method name="getAcknowledgementsGroupTime" desc="()Ljava/lang/String;" line="74"><counter type="INSTRUCTION" missed="0" covered="3"/><counter type="LINE" missed="0" covered="1"/><counter type="COMPLEXITY" missed="0" covered="1"/><counter type="METHOD" missed="0" covered="1"/></method><method name="getAckTimeout" desc="()Ljava/lang/String;" line="75"><counter type="INSTRUCTION" missed="0" covered="3"/><counter type="LINE" missed="0" covered="1"/><counter type="COMPLEXITY" missed="0" covered="1"/><counter type="METHOD" missed="0" covered="1"/></method><method name="getTickDuration" desc="()Ljava/lang/String;" line="76"><counter type="INSTRUCTION" missed="0" covered="3"/><counter type="LINE" missed="0" covered="1"/><counter type="COMPLEXITY" missed="0" covered="1"/><counter type="METHOD" missed="0" covered="1"/></method><method name="getSync" desc="()Z" line="77"><counter type="INSTRUCTION" missed="0" covered="3"/><counter type="LINE" missed="0" covered="1"/><counter type="COMPLEXITY" missed="0" covered="1"/><counter type="METHOD" missed="0" covered="1"/></method><counter type="I
[...]
 type="LINE" missed="0" covered="5"/><counter type="COMPLEXITY" missed="0" covered="1"/><counter type="METHOD" missed="0" covered="1"/></method><method name="getPulsarConsumerFactory" desc="()Lcom/intuit/spring/pulsar/client/consumer/IPulsarConsumerFactory;" line="20"><counter type="INSTRUCTION" missed="0" covered="3"/><counter type="LINE" missed="0" covered="1"/><counter type="COMPLEXITY" missed="0" covered="1"/><counter type="METHOD" missed="0" covered="1"/></method><method name="getApplicationContext" desc="()Lorg/springframework/context/ApplicationContext;" line="21"><counter type="INSTRUCTION" missed="0" covered="3"/><counter type="LINE" missed="0" covered="1"/><counter type="COMPLEXITY" missed="0" covered="1"/><counter type="METHOD" missed="0" covered="1"/></method><method name="getAnnotationExtractor" desc="()Lcom/intuit/spring/pulsar/client/annotations/extractor/IPulsarAnnotationExtractor;" line="22"><counter type="INSTRUCTION" missed="0" covered="3"/><counter type="LINE" missed="0" covered="1"/><counter type="COMPLEXITY" missed="0" covered="1"/><counter type="METHOD" missed="0" covered="1"/></method><method name="handle" desc="()V" line="27"><counter type="INSTRUCTION" missed="0" covered="24"/><counter type="LINE" missed="0" covered="5"/><counter type="COMPLEXITY" missed="0" covered="1"/><counter type="METHOD" missed="0" covered="1"/></method><counter type="INSTRUCTION" missed="0" covered="54"/><counter type="LINE" missed="0" covered="10"/><counter type="COMPLEXITY" missed="0" covered="5"/><counter type="METHOD" missed="0" covered="5"/><counter type="CLASS" missed="0" covered="1"/></class><class name="com/intuit/spring/pulsar/client/annotations/handler/IPulsarAnnotationHandler" sourcefilename="IPulsarAnnotationHandler.kt"/><sourcefile name="IPulsarAnnotationHandler.kt"/><sourcefile name="PulsarAnnotationHandler.kt"><line nr="18" mi="0" ci="2" mb="0" cb="0"/><line nr="19" mi="0" ci="1" mb="0" cb="0"/><line nr="20" mi="0" ci="6" mb="0" cb="0"/><line nr="21" mi="0" ci="6" mb="0" cb="0"/><line nr="22" mi="0" ci="6" mb="0" cb="0"/><line nr="27" mi="0" ci="14" mb="0" cb="0"/><line nr="28" mi="0" ci="3" mb="0" cb="0"/><line nr="29" mi="0" ci="4" mb="0" cb="0"/><line nr="30" mi="0" ci="2" mb="0" cb="0"/><line nr="31" mi="0" ci="1" mb="0" cb="0"/><counter type="INSTRUCTION" missed="0" covered="54"/><counter type="LINE" missed="0" covered="10"/><counter type="COMPLEXITY" missed="0" covered="5"/><counter type="METHOD" missed="0" covered="5"/><counter type="CLASS" missed="0" covered="1"/></sourcefile><counter type="INSTRUCTION" missed="0" covered="54"/><counter type="LINE" missed="0" covered="10"/><counter type="COMPLEXITY" missed="0" covered="5"/><counter type="METHOD" missed="0" covered="5"/><counter type="CLASS" missed="0" covered="1"/></package><package name="com/intuit/spring/pulsar/client/aspect"><class name="com/intuit/spring/pulsar/client/aspect/PulsarExceptionHandlerAspect" sourcefilename="PulsarExceptionHandlerAspect.kt"><method name="&lt;init&gt;" desc="(Lcom/intuit/spring/pulsar/client/exceptions/PulsarExceptionAnnotationProcessor;)V" line="15"><counter type="INSTRUCTION" missed="0" covered="9"/><counter type="LINE" missed="0" covered="2"/><counter type="COMPLEXITY" missed="0" covered="1"/><counter type="METHOD" missed="0" covered="1"/></method><method name="getPulsarExceptionAnnotationProcessor" desc="()Lcom/intuit/spring/pulsar/client/exceptions/PulsarExceptionAnnotationProcessor;" line="17"><counter type="INSTRUCTION" missed="0" covered="3"/><counter type="LINE" missed="0" covered="1"/><counter type="COMPLEXITY" missed="0" covered="1"/><counter type="METHOD" missed="0" covered="1"/></method><method name="getPulsarConsumerActions" desc="(Lcom/intuit/spring/pulsar/client/aspect/PulsarConsumerAction;)V" line="29"><counter type="INSTRUCTION" missed="1" covered="0"/><counter type="LINE" missed="1" covered="0"/><counter type="COMPLEXITY" missed="1" covered="0"/><counter type="METHOD" missed="1" covered="0"/></method><method name="getPulsarProducerActions" desc="(Lcom/intuit/spring/pulsar/client/aspect/PulsarProducerAction;)V" line="36"><counter type="INSTRUCTION" missed="1" covered="0"/><counter type="LINE" missed="1" covered="0"/><counter type="COMPLEXITY" missed="1" covered="0"/><counter type="METHOD" missed="1" covered="0"/></method><method name="handleConsumerExceptions" desc="(Lorg/aspectj/lang/ProceedingJoinPoint;Lcom/intuit/spring/pulsar/client/aspect/PulsarConsumerAction;)V" line="45"><counter type="INSTRUCTION" missed="0" covered="28"/><counter type="LINE" missed="0" covered="7"/><counter type="COMPLEXITY" missed="0" covered="1"/><counter type="METHOD" missed="0" covered="1"/></method><method name="handleProducerExceptions" desc="(Lorg/aspectj/lang/ProceedingJoinPoint;Lcom/intuit/spring/pulsar/client/aspect/PulsarProducerAction;)V" line="61"><counter type="INSTRUCTION" missed="0" covered="28"/><counter type="LINE" missed="0" covered="7"/><counter type="COMPLEXITY" missed="0" covered="1"/><counter type="METHOD" missed="0" covered="1"/></method><method name="&lt;clinit&gt;" desc="()V" line="21"><counter type="INSTRUCTION" missed="0" covered="11"/><counter type="LINE" missed="0" covered="1"/><counter type="COMPLEXITY" missed="0" covered="1"/><counter type="METHOD" missed="0" covered="1"/></method><counter type="INSTRUCTION" missed="2" covered="79"/><counter type="LINE" missed="2" covered="17"/><counter type="COMPLEXITY" missed="2" covered="5"/><counter type="METHOD" missed="2" covered="5"/><counter type="CLASS" missed="0" covered="1"/></class><class name="com/intuit/spring/pulsar/client/aspect/PulsarExceptionHandlerAspect$ExceptionHandlerParams" sourcefilename="PulsarExceptionHandlerAspect.kt"><method name="&lt;init&gt;" desc="(Ljava/lang/Exception;Ljava/lang/String;)V" line="70"><counter type="INSTRUCTION" missed="0" covered="15"/><counter type="LINE" missed="0" covered="1"/><counter type="COMPLEXITY" missed="0" covered="1"/><counter type="METHOD" missed="0" covered="1"/></method><method name="getException" desc="()Ljava/lang/Exception;" line="70"><counter type="INSTRUCTION" missed="0" covered="3"/><counter type="LINE" missed="0" covered="1"/><counter type="COMPLEXITY" missed="0" covered="1"/><counter type="METHOD" missed="0" covered="1"/></method><method name="getAction" desc="()Ljava/lang/String;" line="70"><counter type="INSTRUCTION" missed="3" covered="0"/><counter type="LINE" missed="1" covered="0"/><counter type="COMPLEXITY" missed="1" covered="0"/><counter type="METHOD" missed="1" covered="0"/></method><counter type="INSTRUCTION" missed="3" covered="18"/><counter type="LINE" missed="0" covered="1"/><counter type="COMPLEXITY" missed="1" covered="2"/><counter type="METHOD" missed="1" covered="2"/><counter type="CLASS" missed="0" covered="1"/></class><class name="com/intuit/spring/pulsar/client/aspect/PulsarExceptionHandlerAspect$Companion" sourcefilename="PulsarExceptionHandlerAspect.kt"/><class name="com/intuit/spring/pulsar/client/aspect/PulsarProducerAction" sourcefilename="PulsarActions.kt"/><class name="com/intuit/spring/pulsar/client/aspect/PulsarConsumerAction" sourcefilename="PulsarActions.kt"/><sourcefile name="PulsarActions.kt"/><sourcefile name="PulsarExceptionHandlerAspect.kt"><line nr="15" mi="0" ci="2" mb="0" cb="0"/><line nr="17" mi="0" ci="7" mb="0" cb="0"/><line nr="21" mi="0" ci="6" mb="0" cb="0"/><line nr="29" mi="1" ci="0" mb="0" cb="0"/><line nr="36" mi="1" ci="0" mb="0" cb="0"/><line nr="45" mi="0" ci="1" mb="0" cb="0"/><line nr="46" mi="0" ci="4" mb="0" cb="0"/><line nr="47" mi="0" ci="1" mb="0" cb="0"/><line nr="48" mi="0" ci="6" mb="0" cb="0"/><line nr="49" mi="0" ci="2" mb="0" cb="0"/><line nr="50" mi="0" ci="7" mb="0" cb="0"/><line nr="52" mi="0" ci="1" mb="0" cb="0"/><line nr="61" mi="0" ci="1" mb="0" cb="0"/><line nr="62" mi="0" ci="4" mb="0" cb="0"/><line nr="63" mi="0" ci="1" mb="0" cb="0"/><line nr="64" mi="0" ci="6" mb="0" cb="0"/><line nr="65" mi="0" ci="2" mb="0" cb="0"/><line nr="66" mi="0" ci="7" mb="0" cb="0"/><line nr="68" mi="0" ci="1" mb="0" cb="0"/><line nr="70" mi="3" ci="12" mb="0" cb="0"/><counter type="INSTRUCTION" missed="5" covered="97"/><counter type="LINE" missed="2" covered="18"/><counter type="COMPLEXITY" missed="3" covered="7"/><counter type="METHOD" missed="3" covered="7"/><counter type="CLASS" missed="0" covered="2"/></sourcefile><counter type="INSTRUCTION" missed="5" covered="97"/><counter type="LINE" missed="2" covered="18"/><counter type="COMPLEXITY" missed="3" covered="7"/><counter type="METHOD" missed="3" covered="7"/><counter type="CLASS" missed="0" covered="2"/></package><package name="com/intuit/spring/pulsar/client/consumer"><class name="com/intuit/spring/pulsar/client/consumer/PulsarConsumerBuilder" sourcefilename="PulsarConsumerBuilder.kt"><method name="&lt;init&gt;" desc="(Lorg/apache/pulsar/client/api/PulsarClient;Lorg/apache/pulsar/client/api/Schema;)V" line="24"><counter type="INSTRUCTION" missed="0" covered="19"/><counter type="LINE" missed="0" covered="2"/><counter type="COMPLEXITY" missed="0" covered="1"/><counter type="METHOD" missed="0" covered="1"/></method><method name="withConsumerConfig" desc="(Lcom/intuit/spring/pulsar/client/config/PulsarConsumerConfig;)Lcom/intuit/spring/pulsar/client/consumer/PulsarConsumerBuilder;" line="32"><counter type="INSTRUCTION" missed="0" covered="80"/><counter type="BRANCH" missed="0" covered="10"/><counter type="LINE" missed="0" covered="12"/><counter type="COMPLEXITY" missed="0" covered="6"/><counter type="METHOD" missed="0" covered="1"/></method><method name="withTopicConfig" desc="(Lcom/intuit/spring/pulsar/client/config/TopicConfig;)Lcom/intuit/spring/pulsar/client/consumer/PulsarConsumerBuilder;" line="53"><counter type="INSTRUCTION" missed="0" covered="50"/><counter type="BRANCH" missed="0" covered="8"/><counter type="LINE" missed="0" covered="5"/><counter type="COMPLEXITY" missed="0" covered="5"/><counter type="METHOD" missed="0" covered="1"/></method><method name="withQueueConfig" desc="(Lcom/intuit/spring/pulsar/client/config/QueueConfig;)Lcom/intuit/spring/pulsar/client/consumer/PulsarConsumerBuilder;" line="66"><counter type="INSTRUCTION" missed="0" covered="47"/><counter type="BRANCH" missed="0" covered="6"/><counter type="LINE" missed="0" covered="10"/><counter type="COMPLEXITY" missed="0" covered="4"/><counter type="METHOD" missed="0" covered="1"/></method><method name="withAckConfig" desc="(Lcom/intuit/spring/pulsar/client/config/AckConfig;)Lcom/intuit/spring/pulsar/client/consumer/PulsarConsumerBuilder;" line="86"><counter type="INSTRUCTION" missed="0" covered="80"/><counter type="BRANCH" missed="0" covered="12"/><counter type="LINE" missed="0" covered="7"/><counter type="COMPLEXITY" missed="0" covered="7"/><counter type="METHOD" missed="0" covered="1"/></method><method name="withDeadLetterPolicy" desc="(Lcom/intuit/spring/pulsar/client/config/DeadLetterPolicyConfig;)Lcom/intuit/spring/pulsar/client/consumer/PulsarConsumerBuilder;" line="103"><counter type="INSTRUCTION" missed="0" covered="118"/><counter type="BRANCH" missed="0" covered="24"/><counter type="LINE" missed="0" covered="17"/><counter type="COMPLEXITY" missed="0" covered="13"/><counter type="METHOD" missed="0" covered="1"/></method><method name="withSubscriptionConfig" desc="(Lcom/intuit/spring/pulsar/client/config/SubscriptionConfig;)Lcom/intuit/spring/pulsar/client/consumer/PulsarConsumerBuilder;" line="133"><counter type="INSTRUCTION" missed="0" covered="90"/><counter type="BRANCH" missed="0" covered="16"/><counter type="LINE" missed="0" covered="11"/><counter type="COMPLEXITY" missed="0" covered="9"/><counter type="METHOD" missed="0" covered="1"/></method><method name="withListener" desc="(Lorg/apache/pulsar/client/api/MessageListener;)Lcom/intuit/spring/pulsar/client/consumer/PulsarConsumerBuilder;" line="156"><counter type="INSTRUCTION" missed="0" covered="10"/><counter type="LINE" missed="0" covered="2"/><counter type="COMPLEXITY" missed="0" covered="1"/><counter type="METHOD" missed="0" covered="1"/></method><method name="build" desc="()Lorg/apache/pulsar/client/api/ConsumerBuilder;" line="164"><counter type="INSTRUCTION" missed="0" covered="3"/><counter type="LINE" missed="0" covered="1"/><counter type="COMPLEXITY" missed="0" covered="1"/><counter type="METHOD" missed="0" covered="1"/></method><counter type="INSTRUCTION" missed="0" covered="497"/><counter type="BRANCH" missed="0" covered="76"/><counter type="LINE" missed="0" covered="67"/><counter type="COMPLEXITY" missed="0" covered="47"/><counter type="METHOD" missed="0" covered="9"/><counter type="CLASS" missed="0" covered="1"/></class><class name="com/intuit/spring/pulsar/client/consumer/IPulsarConsumerFactory" sourcefilename="PulsarConsumerFactory.kt"/><class name="com/intuit/spring/pulsar/client/consumer/PulsarConsumerFactory" sourcefilename="PulsarConsumerFactory.kt"><method name="&lt;init&gt;" desc="(Lcom/intuit/spring/pulsar/client/client/IPulsarClientFactory;)V" line="30"><counter type="INSTRUCTION" missed="0" covered="9"/><counter type="LINE" missed="0" covered="3"/><counter type="COMPLEXITY" missed="0" covered="1"/><counter type="METHOD" missed="0" covered="1"/></method><method name="createConsumer" desc="(Lcom/intuit/spring/pulsar/client/annotations/extractor/AnnotationDetail;)V" line="44"><counter type="INSTRUCTION" missed="0" covered="18"/><counter type="BRANCH" missed="0" covered="2"/><counter type="LINE" missed="0" covered="5"/><counter type="COMPLEXITY" missed="0" covered="2"/><counter type="METHOD" missed="0" covered="1"/></method><method name="createPulsarConsumer" desc="(Lcom/intuit/spring/pulsar/client/annotations/extractor/AnnotationDetail;)Lorg/apache/pulsar/client/api/ConsumerBuilder;" line="56"><counter type="INSTRUCTION" missed="0" covered="21"/><counter type="LINE" missed="0" covered="5"/><counter type="COMPLEXITY" missed="0" covered="1"/><counter type="METHOD" missed="0" covered="1"/></method><method name="startConsumer" desc="(Lorg/apache/pulsar/client/api/ConsumerBuilder;)Lorg/apache/pulsar/client/api/Consumer;" line="68"><counter type="INSTRUCTION" missed="0" covered="3"/><counter type="LINE" missed="0" covered="1"/><counter type="COMPLEXITY" missed="0" covered="1"/><counter type="METHOD" missed="0" covered="1"/></method><method name="createSchema" desc="(Lcom/intuit/spring/pulsar/client/config/SchemaConfig;)Lorg/apache/pulsar/client/api/Schema;" line="73"><counter type="INSTRUCTION" missed="0" covered="26"/><counter type="BRANCH" missed="0" covered="3"/><counter type="LINE" missed="0" covered="4"/><counter type="COMPLEXITY" missed="0" covered="3"/><counter type="METHOD" missed="0" covered="1"/></method><counter type="INSTRUCTION" missed="0" covered="77"/><counter type="BRANCH" missed="0" covered="5"/><counter type="LINE" missed="0" covered="18"/><counter type="COMPLEXITY" missed="0" covered="8"/><counter type="METHOD" missed="0" covered="5"/><counter type="CLASS" missed="0" covered="1"/></class><sourcefile name="PulsarConsumerFactory.kt"><line nr="30" mi="0" ci="2" mb="0" cb="0"/><line nr="32" mi="0" ci="1" mb="0" cb="0"/><line nr="33" mi="0" ci="3" mb="0" cb="0"/><line nr="44" mi="0" ci="4" mb="0" cb="0"/><line nr="45" mi="0" ci="2" mb="0" cb="2"/><line nr="46" mi="0" ci="6" mb="0" cb="0"/><line nr="47" mi="0" ci="2" mb="0" cb="0"/><line nr="49" mi="0" ci="1" mb="0" cb="0"/><line nr="56" mi="0" ci="4" mb="0" cb="0"/><line nr="57" mi="0" ci="10" mb="0" cb="0"/><line nr="58" mi="0" ci="3" mb="0" cb="0"/><line nr="59" mi="0" ci="3" mb="0" cb="0"/><line nr="60" mi="0" ci="1" mb="0" cb="0"/><line nr="68" mi="0" ci="3" mb="0" cb="0"/><line nr="73" mi="0" ci="14" mb="0" cb="3"/><line nr="74" mi="0" ci="2" mb="0" cb="0"/><line nr="75" mi="0" ci="5" mb="0" cb="0"/><line nr="76" mi="0" ci="5" mb="0" cb="0"/><counter type="INSTRUCTION" missed="0" covered="77"/><counter type="BRANCH" missed="0" covered="5"/><counter type="LINE" missed="0" covered="18"/><counter type="COMPLEXITY" missed="0" covered="8"/><counter type="METHOD" missed="0" covered="5"/><counter type="CLASS" missed="0" covered="1"/></sourcefile><sourcefile name="PulsarConsumerBuilder.kt"><line nr="24" mi="0" ci="3" mb="0" cb="0"/><line nr="26" mi="0" ci="10" mb="0" cb="0"/><line nr="32" mi="0" ci="4" mb="0" cb="2"/><line nr="33" mi="0" ci="6" mb="0" cb="0"/><line nr="35" mi="0" ci="13" mb="0" cb="4"/><line nr="36" mi="0" ci="7" mb="0" cb="0"/><line nr="38" mi="0" ci="13" mb="0" cb="4"/><line nr="39" mi="0" ci="7" mb="0" cb="0"/><line nr="41" mi="0" ci="5" mb="0" cb="0"/><line nr="42" mi="0" ci="5" mb="0" cb="0"/><line nr="43" mi="0" ci="5" mb="0" cb="0"/><line nr="44" mi="0" ci="5" mb="0" cb="0"/><line nr="45" mi="0" ci="5" mb="0" cb="0"/><line nr="46" mi="0" ci="2" mb="0" cb="0"/><line nr="53" mi="0" ci="13" mb="0" cb="4"/><line nr="54" mi="0" ci="6" mb="0" cb="0"/><line nr="56" mi="0" ci="13" mb="0" cb="4"/><line nr="57" mi="0" ci="13" mb="0" cb="0"/><line nr="59" mi="0" ci="2" mb="0" cb="0"/><line nr="66" mi="0" ci="6" mb="0" cb="0"/><line nr="67" mi="0" ci="4" mb="0" cb="2"/><line nr="68" mi="0" ci="6" mb="0" cb="0"/><line nr="70" mi="0" ci="6" mb="0" cb="0"/><line nr="71" mi="0" ci="4" mb="0" cb="2"/><line nr="72" mi="0" ci="6" mb="0" cb="0"/><line nr="74" mi="0" ci="4" mb="0" cb="2"/><line nr="75" mi="0" ci="4" mb="0" cb="0"/><line nr="76" mi="0" ci="2" mb="0" cb="0"/><line nr="79" mi="0" ci="2" mb="0" cb="0"/><line nr="86" mi="0" ci="13" mb="0" cb="4"/><line nr="87" mi="0" ci="12" mb="0" cb="0"/><line nr="89" mi="0" ci="13" mb="0" cb="4"/><line nr="90" mi="0" ci="12" mb="0" cb="0"/><line nr="92" mi="0" ci="13" mb="0" cb="4"/><line nr="93" mi="0" ci="12" mb="0" cb="0"/><line nr="95" mi="0" ci="2" mb="0" cb="0"/><line nr="103" mi="0" ci="4" mb="0" cb="2"/><line nr="104" mi="0" ci="13" mb="0" cb="4"/><line nr="105" mi="0" ci="13" mb="0" cb="4"/><line nr="107" mi="0" ci="2" mb="0" cb="0"/><line nr="108" mi="0" ci="13" mb="0" cb="4"/><line nr="109" mi="0" ci="5" mb="0" cb="0"/><line nr="111" mi="0" ci="13" mb="0" cb="4"/><line nr="112" mi="0" ci="5" mb="0" cb="0"/><line nr="114" mi="0" ci="4" mb="0" cb="2"/><line nr="115" mi="0" ci="5" mb="0" cb="0"/><line nr="117" mi="0" ci="5" mb="0" cb="0"/><line nr="118" mi="0" ci="6" mb="0" cb="0"/><line nr="120" mi="0" ci="13" mb="0" cb="4"/><line nr="121" mi="0" ci="4" mb="0" cb="0"/><line nr="122" mi="0" ci="7" mb="0" cb="0"/><line nr="123" mi="0" ci="1" mb="0" cb="0"/><line nr="126" mi="0" ci="2" mb="0" cb="0"/><line nr="133" mi="0" ci="6" mb="0" cb="0"/><line nr="134" mi="0" ci="13" mb="0" cb="4"/><line nr="135" mi="0" ci="6" mb="0" cb="0"/><line nr="137" mi="0" ci="13" mb="0" cb="4"/><line nr="138" mi="0" ci="7" mb="0" cb="0"/><line nr="140" mi="0" ci="13" mb="0" cb="4"/><line nr="141" mi="0" ci="4" mb="0" cb="0"/><line nr="143" mi="0" ci="3" mb="0" cb="0"/><line nr="146" mi="0" ci="13" mb="0" cb="4"/><line nr="147" mi="0" ci="7" mb="0" cb="0"/><line nr="149" mi="0" ci="2" mb="0" cb="0"/><line nr="156" mi="0" ci="5" mb="0" cb="0"/><line nr="157" mi="0" ci="2" mb="0" cb="0"/><line nr="164" mi="0" ci="3" mb="0" cb="0"/><counter type="INSTRUCTION" missed="0" covered="497"/><counter type="BRANCH" missed="0" covered="76"/><counter type="LINE" missed="0" covered="67"/><counter type="COMPLEXITY" missed="0" covered="47"/><counter type="METHOD" missed="0" covered="9"/><counter type="CLASS" missed="0" covered="1"/></sourcefile><counter type="INSTRUCTION" missed="0" covered="574"/><counter type="BRANCH" missed="0" covered="81"/><counter type="LINE" missed="0" covered="85"/><counter type="COMPLEXITY" missed="0" covered="55"/><counter type="METHOD" missed="0" covered="14"/><counter type="CLASS" missed="0" covered="2"/></package><counter type="INSTRUCTION" missed="51" covered="4387"/><counter type="BRANCH" missed="4" covered="156"/><counter type="LINE" missed="5" covered="583"/><counter type="COMPLEXITY" missed="12" covered="324"/><counter type="METHOD" missed="8" covered="247"/><counter type="CLASS" missed="0" covered="54"/></report>