GROUP,PACKAGE,CLASS,INSTRUCTION_MISSED,INSTRUCTION_COVERED,BRANCH_MISSED,BRANCH_COVERED,LINE_MISSED,LINE_COVERED,COMPLEXITY_MISSED,COMPLEXITY_COVERED,METHOD_MISSED,METHOD_COVERED
Spring Pulsar Core,com.intuit.spring.pulsar.client.client,PulsarClientFactory,0,391,0,0,0,73,0,10,0,10
Spring Pulsar Core,com.intuit.spring.pulsar.client.annotations.extractor,AnnotationDetail,0,30,0,0,0,4,0,4,0,4
Spring Pulsar Core,com.intuit.spring.pulsar.client.annotations.extractor,PulsarConsumerAnnotationExtractor,0,112,0,4,0,16,0,6,0,4
Spring Pulsar Core,com.intuit.spring.pulsar.client.exceptions,PulsarSpringException,0,8,0,0,0,2,0,1,0,1
Spring Pulsar Core,com.intuit.spring.pulsar.client.exceptions,PulsarListenerTypeNotSupportedSpringException,0,10,0,0,0,4,0,1,0,1
Spring Pulsar Core,com.intuit.spring.pulsar.client.exceptions,IncompatiblePulsarExceptionHandlerException,3,7,0,0,0,1,1,1,1,1
Spring Pulsar Core,com.intuit.spring.pulsar.client.exceptions,PulsarConsumerAnnotationNotFoundSpringException,0,10,0,0,0,2,0,1,0,1
Spring Pulsar Core,com.intuit.spring.pulsar.client.exceptions,PulsarExceptionAnnotationProcessor,0,272,2,14,0,46,2,16,0,10
Spring Pulsar Core,com.intuit.spring.pulsar.client.exceptions,PulsarProducerNotFoundSpringException,0,5,0,0,0,2,0,1,0,1
Spring Pulsar Core,com.intuit.spring.pulsar.client.exceptions,PulsarConsumerWithoutListenerSpringException,0,5,0,0,0,4,0,1,0,1
Spring Pulsar Core,com.intuit.spring.pulsar.client.exceptions,PulsarMessageValueNotFoundSpringException,0,5,0,0,0,2,0,1,0,1
Spring Pulsar Core,com.intuit.spring.pulsar.client.exceptions,PulsarClientNotFoundSpringException,0,5,0,0,0,2,0,1,0,1
Spring Pulsar Core,com.intuit.spring.pulsar.client.annotations.resolver,AnnotationPropertyResolver,0,63,0,4,0,10,0,4,0,2
Spring Pulsar Core,com.intuit.spring.pulsar.client.utils,UtilsKt,9,106,2,7,2,12,2,6,0,3
Spring Pulsar Core,com.intuit.spring.pulsar.client.utils,DurationUnit,0,35,0,0,0,4,0,3,0,3
Spring Pulsar Core,com.intuit.spring.pulsar.client.template,ProducerRecord,0,66,0,0,0,7,0,7,0,7
Spring Pulsar Core,com.intuit.spring.pulsar.client.template,PulsarProducerTemplateImpl,0,158,0,10,0,39,0,16,0,11
Spring Pulsar Core,com.intuit.spring.pulsar.client.template,PulsarProducerTemplate.DefaultImpls,0,54,0,0,0,9,0,2,0,2
Spring Pulsar Core,com.intuit.spring.pulsar.client.producer,PulsarProducerFactory,0,31,0,0,0,5,0,2,0,2
Spring Pulsar Core,com.intuit.spring.pulsar.client.producer,PulsarProducerMessageFactory,0,120,0,10,0,9,0,7,0,2
Spring Pulsar Core,com.intuit.spring.pulsar.client.producer,PulsarProducerBuilder,3,362,0,22,0,38,1,16,1,5
Spring Pulsar Core,com.intuit.spring.pulsar.client.producer,PulsarProducer,0,34,0,0,0,6,0,4,0,4
Spring Pulsar Core,com.intuit.spring.pulsar.client.config,PulsarProducerMessageConfig,0,66,0,0,0,7,0,7,0,7
Spring Pulsar Core,com.intuit.spring.pulsar.client.config,PulsarClientConfig,10,188,0,0,0,10,0,16,0,16
Spring Pulsar Core,com.intuit.spring.pulsar.client.config,SubscriptionConfig,0,78,0,0,0,7,0,7,0,7
Spring Pulsar Core,com.intuit.spring.pulsar.client.config,PulsarProducerBatchingConfig,0,42,0,0,0,5,0,5,0,5
Spring Pulsar Core,com.intuit.spring.pulsar.client.config,PulsarClientConfig.PulsarRequestConfig,0,54,0,0,0,5,0,8,0,8
Spring Pulsar Core,com.intuit.spring.pulsar.client.config,TopicConfig,0,36,0,0,0,4,0,4,0,4
Spring Pulsar Core,com.intuit.spring.pulsar.client.config,PulsarProducerConfig,0,132,0,0,0,11,0,11,0,11
Spring Pulsar Core,com.intuit.spring.pulsar.client.config,AckConfig,0,63,0,0,0,6,0,6,0,6
Spring Pulsar Core,com.intuit.spring.pulsar.client.config,PulsarConsumerConfig,0,229,0,0,0,14,0,14,0,14
Spring Pulsar Core,com.intuit.spring.pulsar.client.config,DeadLetterPolicyConfig,0,63,0,0,0,6,0,6,0,6
Spring Pulsar Core,com.intuit.spring.pulsar.client.config,SchemaConfig,0,37,0,0,0,4,0,4,0,4
Spring Pulsar Core,com.intuit.spring.pulsar.client.config,PulsarClientConfig.PulsarTlsConfig,0,76,0,0,0,6,0,10,0,10
Spring Pulsar Core,com.intuit.spring.pulsar.client.config,PulsarClientConfig.PulsarThreadPoolConfig,0,38,0,0,0,4,0,6,0,6
Spring Pulsar Core,com.intuit.spring.pulsar.client.config,SchemaType,0,21,0,0,0,3,0,1,0,1
Spring Pulsar Core,com.intuit.spring.pulsar.client.config,PropertyConfig,21,15,0,0,1,3,3,1,3,1
Spring Pulsar Core,com.intuit.spring.pulsar.client.config,PulsarClientConfig.PulsarNetworkConfig,0,154,0,0,0,10,0,16,0,16
Spring Pulsar Core,com.intuit.spring.pulsar.client.config,PulsarClientConfig.PulsarAuthConfig,0,50,0,0,0,4,0,6,0,6
Spring Pulsar Core,com.intuit.spring.pulsar.client.config,QueueConfig,0,66,0,0,0,7,0,7,0,7
Spring Pulsar Core,com.intuit.spring.pulsar.client.annotations.consumer,AckKt,0,31,0,0,0,5,0,1,0,1
Spring Pulsar Core,com.intuit.spring.pulsar.client.annotations.consumer,QueueKt,0,55,0,0,0,7,0,1,0,1
Spring Pulsar Core,com.intuit.spring.pulsar.client.annotations.consumer,DeadLetterPolicyKt,0,31,0,0,0,5,0,1,0,1
Spring Pulsar Core,com.intuit.spring.pulsar.client.annotations.consumer,SubscriptionKt,0,35,0,0,0,6,0,1,0,1
Spring Pulsar Core,com.intuit.spring.pulsar.client.annotations.consumer,PropertyKt,0,18,0,0,0,3,0,1,0,1
Spring Pulsar Core,com.intuit.spring.pulsar.client.annotations.consumer,SchemaKt,0,43,0,2,0,5,0,2,0,1
Spring Pulsar Core,com.intuit.spring.pulsar.client.annotations.consumer,TopicKt,0,18,0,0,0,3,0,1,0,1
Spring Pulsar Core,com.intuit.spring.pulsar.client.annotations.consumer,PulsarConsumerKt,0,102,0,0,0,14,0,1,0,1
Spring Pulsar Core,com.intuit.spring.pulsar.client.consumer.listener,IPulsarListener.DefaultImpls,0,32,0,2,0,9,0,2,0,1
Spring Pulsar Core,com.intuit.spring.pulsar.client.annotations.handler,PulsarAnnotationHandler,0,54,0,0,0,10,0,5,0,5
Spring Pulsar Core,com.intuit.spring.pulsar.client.aspect,PulsarExceptionHandlerAspect,2,79,0,0,2,17,2,5,2,5
Spring Pulsar Core,com.intuit.spring.pulsar.client.aspect,PulsarExceptionHandlerAspect.ExceptionHandlerParams,3,18,0,0,0,1,1,2,1,2
Spring Pulsar Core,com.intuit.spring.pulsar.client.consumer,PulsarConsumerBuilder,0,497,0,76,0,67,0,47,0,9
Spring Pulsar Core,com.intuit.spring.pulsar.client.consumer,PulsarConsumerFactory,0,77,0,5,0,18,0,8,0,5
